   1    0  0.22183E-01  0.60135-153  0.00000E+00  0.78431E-02  0.15686E-01  0.23529E-01  0.31373E-01  0.39216E-01  0.47059E-01  0.54902E-01
 0.62745E-01  0.70588E-01  0.78431E-01  0.86275E-01  0.94118E-01  0.10196E+00  0.10980E+00  0.11765E+00  0.12549E+00  0.13333E+00
 0.14118E+00  0.14902E+00  0.15686E+00  0.16471E+00  0.17255E+00  0.18039E+00  0.18824E+00  0.19608E+00  0.20392E+00  0.21176E+00
 0.21961E+00  0.22745E+00  0.23529E+00  0.24314E+00  0.25098E+00  0.25882E+00  0.26667E+00  0.27451E+00  0.28235E+00  0.29020E+00
 0.29804E+00  0.30588E+00  0.31373E+00  0.32157E+00  0.32941E+00  0.33725E+00  0.34510E+00  0.35294E+00  0.36078E+00  0.36863E+00
 0.37647E+00  0.38431E+00  0.39216E+00  0.40000E+00  0.40784E+00  0.41569E+00  0.42353E+00  0.43137E+00  0.43922E+00  0.44706E+00
 0.45490E+00  0.46275E+00  0.47059E+00  0.47843E+00  0.48627E+00  0.49412E+00  0.50196E+00  0.50980E+00  0.51765E+00  0.52549E+00
 0.53333E+00  0.54118E+00  0.54902E+00  0.55686E+00  0.56471E+00  0.57255E+00  0.58039E+00  0.58824E+00  0.59608E+00  0.60392E+00
 0.61176E+00  0.61961E+00  0.62745E+00  0.63529E+00  0.64314E+00  0.65098E+00  0.65882E+00  0.66667E+00  0.67451E+00  0.68235E+00
 0.69020E+00  0.69804E+00  0.70588E+00  0.71373E+00  0.72157E+00  0.72941E+00  0.73725E+00  0.74510E+00  0.75294E+00  0.76078E+00
 0.76863E+00  0.77647E+00  0.78431E+00  0.79216E+00  0.80000E+00  0.80784E+00  0.81569E+00  0.82353E+00  0.83137E+00  0.83922E+00
 0.84706E+00  0.85490E+00  0.86275E+00  0.87059E+00  0.87843E+00  0.88627E+00  0.89412E+00  0.90196E+00  0.90980E+00  0.91765E+00
 0.92549E+00  0.93333E+00  0.94118E+00  0.94902E+00  0.95686E+00  0.96471E+00  0.97255E+00  0.98039E+00  0.98824E+00  0.99608E+00
 0.10039E+01  0.10118E+01  0.10196E+01  0.10275E+01  0.10353E+01  0.10431E+01  0.10510E+01  0.10588E+01  0.10667E+01  0.10745E+01
 0.10824E+01  0.10902E+01  0.10980E+01  0.11059E+01  0.11137E+01  0.11216E+01  0.11294E+01  0.11373E+01  0.11451E+01  0.11529E+01
 0.11608E+01  0.11686E+01  0.11765E+01  0.11843E+01  0.11922E+01  0.12000E+01  0.12078E+01  0.12157E+01  0.12235E+01  0.12314E+01
 0.12392E+01  0.12471E+01  0.12549E+01  0.12627E+01  0.12706E+01  0.12784E+01  0.12863E+01  0.12941E+01  0.13020E+01  0.13098E+01
 0.13176E+01  0.13255E+01  0.13333E+01  0.13412E+01  0.13490E+01  0.13569E+01  0.13647E+01  0.13725E+01  0.13804E+01  0.13882E+01
 0.13961E+01  0.14039E+01  0.14118E+01  0.14196E+01  0.14275E+01  0.14353E+01  0.14431E+01  0.14510E+01  0.14588E+01  0.14667E+01
 0.14745E+01  0.14824E+01  0.14902E+01  0.14980E+01  0.15059E+01  0.15137E+01  0.15216E+01  0.15294E+01  0.15373E+01  0.15451E+01
 0.15529E+01  0.15608E+01  0.15686E+01  0.15765E+01  0.15843E+01  0.15922E+01  0.16000E+01  0.16078E+01  0.16157E+01  0.16235E+01
 0.16314E+01  0.16392E+01  0.16471E+01  0.16549E+01  0.16627E+01  0.16706E+01  0.16784E+01  0.16863E+01  0.16941E+01  0.17020E+01
 0.17098E+01  0.17176E+01  0.17255E+01  0.17333E+01  0.17412E+01  0.17490E+01  0.17569E+01  0.17647E+01  0.17725E+01  0.17804E+01
 0.17882E+01  0.17961E+01  0.18039E+01  0.18118E+01  0.18196E+01  0.18275E+01  0.18353E+01  0.18431E+01  0.18510E+01  0.18588E+01
 0.18667E+01  0.18745E+01  0.18824E+01  0.18902E+01  0.18980E+01  0.19059E+01  0.19137E+01  0.19216E+01  0.19294E+01  0.19373E+01
 0.19451E+01  0.19529E+01  0.19608E+01  0.19686E+01  0.19765E+01  0.19843E+01  0.19922E+01  0.20000E+01 -0.20000E+01 -0.19922E+01
-0.19843E+01 -0.19765E+01 -0.19687E+01 -0.19609E+01 -0.19530E+01 -0.19452E+01 -0.19374E+01 -0.19295E+01 -0.19217E+01 -0.19139E+01
-0.19061E+01 -0.18982E+01 -0.18904E+01 -0.18826E+01 -0.18748E+01 -0.18669E+01 -0.18591E+01 -0.18513E+01 -0.18434E+01 -0.18356E+01
-0.18278E+01 -0.18200E+01 -0.18121E+01 -0.18043E+01 -0.17965E+01 -0.17886E+01 -0.17808E+01 -0.17730E+01 -0.17652E+01 -0.17573E+01
-0.17495E+01 -0.17417E+01 -0.17339E+01 -0.17260E+01 -0.17182E+01 -0.17104E+01 -0.17025E+01 -0.16947E+01 -0.16869E+01 -0.16791E+01
-0.16712E+01 -0.16634E+01 -0.16556E+01 -0.16477E+01 -0.16399E+01 -0.16321E+01 -0.16243E+01 -0.16164E+01 -0.16086E+01 -0.16008E+01
-0.15930E+01 -0.15851E+01 -0.15773E+01 -0.15695E+01 -0.15616E+01 -0.15538E+01 -0.15460E+01 -0.15382E+01 -0.15303E+01 -0.15225E+01
-0.15147E+01 -0.15068E+01 -0.14990E+01 -0.14912E+01 -0.14834E+01 -0.14755E+01 -0.14677E+01 -0.14599E+01 -0.14521E+01 -0.14442E+01
-0.14364E+01 -0.14286E+01 -0.14207E+01 -0.14129E+01 -0.14051E+01 -0.13973E+01 -0.13894E+01 -0.13816E+01 -0.13738E+01 -0.13659E+01
-0.13581E+01 -0.13503E+01 -0.13425E+01 -0.13346E+01 -0.13268E+01 -0.13190E+01 -0.13112E+01 -0.13033E+01 -0.12955E+01 -0.12877E+01
-0.12798E+01 -0.12720E+01 -0.12642E+01 -0.12564E+01 -0.12485E+01 -0.12407E+01 -0.12329E+01 -0.12250E+01 -0.12172E+01 -0.12094E+01
-0.12016E+01 -0.11937E+01 -0.11859E+01 -0.11781E+01 -0.11703E+01 -0.11624E+01 -0.11546E+01 -0.11468E+01 -0.11389E+01 -0.11311E+01
-0.11233E+01 -0.11155E+01 -0.11076E+01 -0.10998E+01 -0.10920E+01 -0.10841E+01 -0.10763E+01 -0.10685E+01 -0.10607E+01 -0.10528E+01
-0.10450E+01 -0.10372E+01 -0.10294E+01 -0.10215E+01 -0.10137E+01 -0.10059E+01 -0.99804E+00 -0.99022E+00 -0.98239E+00 -0.97456E+00
-0.96673E+00 -0.95890E+00 -0.95108E+00 -0.94325E+00 -0.93542E+00 -0.92759E+00 -0.91977E+00 -0.91194E+00 -0.90411E+00 -0.89628E+00
-0.88845E+00 -0.88063E+00 -0.87280E+00 -0.86497E+00 -0.85714E+00 -0.84932E+00 -0.84149E+00 -0.83366E+00 -0.82583E+00 -0.81800E+00
-0.81018E+00 -0.80235E+00 -0.79452E+00 -0.78669E+00 -0.77886E+00 -0.77104E+00 -0.76321E+00 -0.75538E+00 -0.74755E+00 -0.73973E+00
-0.73190E+00 -0.72407E+00 -0.71624E+00 -0.70841E+00 -0.70059E+00 -0.69276E+00 -0.68493E+00 -0.67710E+00 -0.66928E+00 -0.66145E+00
-0.65362E+00 -0.64579E+00 -0.63796E+00 -0.63014E+00 -0.62231E+00 -0.61448E+00 -0.60665E+00 -0.59883E+00 -0.59100E+00 -0.58317E+00
-0.57534E+00 -0.56751E+00 -0.55969E+00 -0.55186E+00 -0.54403E+00 -0.53620E+00 -0.52838E+00 -0.52055E+00 -0.51272E+00 -0.50489E+00
-0.49706E+00 -0.48924E+00 -0.48141E+00 -0.47358E+00 -0.46575E+00 -0.45793E+00 -0.45010E+00 -0.44227E+00 -0.43444E+00 -0.42661E+00
-0.41879E+00 -0.41096E+00 -0.40313E+00 -0.39530E+00 -0.38748E+00 -0.37965E+00 -0.37182E+00 -0.36399E+00 -0.35616E+00 -0.34834E+00
-0.34051E+00 -0.33268E+00 -0.32485E+00 -0.31703E+00 -0.30920E+00 -0.30137E+00 -0.29354E+00 -0.28571E+00 -0.27789E+00 -0.27006E+00
-0.26223E+00 -0.25440E+00 -0.24658E+00 -0.23875E+00 -0.23092E+00 -0.22309E+00 -0.21526E+00 -0.20744E+00 -0.19961E+00 -0.19178E+00
-0.18395E+00 -0.17613E+00 -0.16830E+00 -0.16047E+00 -0.15264E+00 -0.14481E+00 -0.13699E+00 -0.12916E+00 -0.12133E+00 -0.11350E+00
-0.10568E+00 -0.97847E-01 -0.90020E-01 -0.82192E-01 -0.74364E-01 -0.66536E-01 -0.58708E-01 -0.50881E-01 -0.43053E-01 -0.35225E-01
-0.27397E-01 -0.19569E-01 -0.11742E-01 -0.39139E-02  0.39139E-02  0.11742E-01  0.19569E-01  0.27397E-01  0.35225E-01  0.43053E-01
 0.50881E-01  0.58708E-01  0.66536E-01  0.74364E-01  0.82192E-01  0.90020E-01  0.97847E-01  0.10568E+00  0.11350E+00  0.12133E+00
 0.12916E+00  0.13699E+00  0.14481E+00  0.15264E+00  0.16047E+00  0.16830E+00  0.17613E+00  0.18395E+00  0.19178E+00  0.19961E+00
 0.20744E+00  0.21526E+00  0.22309E+00  0.23092E+00  0.23875E+00  0.24658E+00  0.25440E+00  0.26223E+00  0.27006E+00  0.27789E+00
 0.28571E+00  0.29354E+00  0.30137E+00  0.30920E+00  0.31703E+00  0.32485E+00  0.33268E+00  0.34051E+00  0.34834E+00  0.35616E+00
 0.36399E+00  0.37182E+00  0.37965E+00  0.38748E+00  0.39530E+00  0.40313E+00  0.41096E+00  0.41879E+00  0.42661E+00  0.43444E+00
 0.44227E+00  0.45010E+00  0.45793E+00  0.46575E+00  0.47358E+00  0.48141E+00  0.48924E+00  0.49706E+00  0.50489E+00  0.51272E+00
 0.52055E+00  0.52838E+00  0.53620E+00  0.54403E+00  0.55186E+00  0.55969E+00  0.56751E+00  0.57534E+00  0.58317E+00  0.59100E+00
 0.59883E+00  0.60665E+00  0.61448E+00  0.62231E+00  0.63014E+00  0.63796E+00  0.64579E+00  0.65362E+00  0.66145E+00  0.66928E+00
 0.67710E+00  0.68493E+00  0.69276E+00  0.70059E+00  0.70841E+00  0.71624E+00  0.72407E+00  0.73190E+00  0.73973E+00  0.74755E+00
 0.75538E+00  0.76321E+00  0.77104E+00  0.77886E+00  0.78669E+00  0.79452E+00  0.80235E+00  0.81018E+00  0.81800E+00  0.82583E+00
 0.83366E+00  0.84149E+00  0.84932E+00  0.85714E+00  0.86497E+00  0.87280E+00  0.88063E+00  0.88845E+00  0.89628E+00  0.90411E+00
 0.91194E+00  0.91977E+00  0.92759E+00  0.93542E+00  0.94325E+00  0.95108E+00  0.95890E+00  0.96673E+00  0.97456E+00  0.98239E+00
 0.99022E+00  0.99804E+00  0.10059E+01  0.10137E+01  0.10215E+01  0.10294E+01  0.10372E+01  0.10450E+01  0.10528E+01  0.10607E+01
 0.10685E+01  0.10763E+01  0.10841E+01  0.10920E+01  0.10998E+01  0.11076E+01  0.11155E+01  0.11233E+01  0.11311E+01  0.11389E+01
 0.11468E+01  0.11546E+01  0.11624E+01  0.11703E+01  0.11781E+01  0.11859E+01  0.11937E+01  0.12016E+01  0.12094E+01  0.12172E+01
 0.12250E+01  0.12329E+01  0.12407E+01  0.12485E+01  0.12564E+01  0.12642E+01  0.12720E+01  0.12798E+01  0.12877E+01  0.12955E+01
 0.13033E+01  0.13112E+01  0.13190E+01  0.13268E+01  0.13346E+01  0.13425E+01  0.13503E+01  0.13581E+01  0.13659E+01  0.13738E+01
 0.13816E+01  0.13894E+01  0.13973E+01  0.14051E+01  0.14129E+01  0.14207E+01  0.14286E+01  0.14364E+01  0.14442E+01  0.14521E+01
 0.14599E+01  0.14677E+01  0.14755E+01  0.14834E+01  0.14912E+01  0.14990E+01  0.15068E+01  0.15147E+01  0.15225E+01  0.15303E+01
 0.15382E+01  0.15460E+01  0.15538E+01  0.15616E+01  0.15695E+01  0.15773E+01  0.15851E+01  0.15930E+01  0.16008E+01  0.16086E+01
 0.16164E+01  0.16243E+01  0.16321E+01  0.16399E+01  0.16477E+01  0.16556E+01  0.16634E+01  0.16712E+01  0.16791E+01  0.16869E+01
 0.16947E+01  0.17025E+01  0.17104E+01  0.17182E+01  0.17260E+01  0.17339E+01  0.17417E+01  0.17495E+01  0.17573E+01  0.17652E+01
 0.17730E+01  0.17808E+01  0.17886E+01  0.17965E+01  0.18043E+01  0.18121E+01  0.18200E+01  0.18278E+01  0.18356E+01  0.18434E+01
 0.18513E+01  0.18591E+01  0.18669E+01  0.18748E+01  0.18826E+01  0.18904E+01  0.18982E+01  0.19061E+01  0.19139E+01  0.19217E+01
 0.19295E+01  0.19374E+01  0.19452E+01  0.19530E+01  0.19609E+01  0.19687E+01  0.19765E+01  0.19843E+01  0.19922E+01  0.20000E+01
    Infinity  0.00000E+00 -0.78046E-01  0.65084E-01  0.19022E-01  0.46062E-01
   2    0  0.38574E-01  0.60135-153  0.00000E+00  0.78431E-02  0.15686E-01  0.23529E-01  0.31373E-01  0.39216E-01  0.47059E-01  0.54902E-01
 0.62745E-01  0.70588E-01  0.78431E-01  0.86275E-01  0.94118E-01  0.10196E+00  0.10980E+00  0.11765E+00  0.12549E+00  0.13333E+00
 0.14118E+00  0.14902E+00  0.15686E+00  0.16471E+00  0.17255E+00  0.18039E+00  0.18824E+00  0.19608E+00  0.20392E+00  0.21176E+00
 0.21961E+00  0.22745E+00  0.23529E+00  0.24314E+00  0.25098E+00  0.25882E+00  0.26667E+00  0.27451E+00  0.28235E+00  0.29020E+00
 0.29804E+00  0.30588E+00  0.31373E+00  0.32157E+00  0.32941E+00  0.33725E+00  0.34510E+00  0.35294E+00  0.36078E+00  0.36863E+00
 0.37647E+00  0.38431E+00  0.39216E+00  0.40000E+00  0.40784E+00  0.41569E+00  0.42353E+00  0.43137E+00  0.43922E+00  0.44706E+00
 0.45490E+00  0.46275E+00  0.47059E+00  0.47843E+00  0.48627E+00  0.49412E+00  0.50196E+00  0.50980E+00  0.51765E+00  0.52549E+00
 0.53333E+00  0.54118E+00  0.54902E+00  0.55686E+00  0.56471E+00  0.57255E+00  0.58039E+00  0.58824E+00  0.59608E+00  0.60392E+00
 0.61176E+00  0.61961E+00  0.62745E+00  0.63529E+00  0.64314E+00  0.65098E+00  0.65882E+00  0.66667E+00  0.67451E+00  0.68235E+00
 0.69020E+00  0.69804E+00  0.70588E+00  0.71373E+00  0.72157E+00  0.72941E+00  0.73725E+00  0.74510E+00  0.75294E+00  0.76078E+00
 0.76863E+00  0.77647E+00  0.78431E+00  0.79216E+00  0.80000E+00  0.80784E+00  0.81569E+00  0.82353E+00  0.83137E+00  0.83922E+00
 0.84706E+00  0.85490E+00  0.86275E+00  0.87059E+00  0.87843E+00  0.88627E+00  0.89412E+00  0.90196E+00  0.90980E+00  0.91765E+00
 0.92549E+00  0.93333E+00  0.94118E+00  0.94902E+00  0.95686E+00  0.96471E+00  0.97255E+00  0.98039E+00  0.98824E+00  0.99608E+00
 0.10039E+01  0.10118E+01  0.10196E+01  0.10275E+01  0.10353E+01  0.10431E+01  0.10510E+01  0.10588E+01  0.10667E+01  0.10745E+01
 0.10824E+01  0.10902E+01  0.10980E+01  0.11059E+01  0.11137E+01  0.11216E+01  0.11294E+01  0.11373E+01  0.11451E+01  0.11529E+01
 0.11608E+01  0.11686E+01  0.11765E+01  0.11843E+01  0.11922E+01  0.12000E+01  0.12078E+01  0.12157E+01  0.12235E+01  0.12314E+01
 0.12392E+01  0.12471E+01  0.12549E+01  0.12627E+01  0.12706E+01  0.12784E+01  0.12863E+01  0.12941E+01  0.13020E+01  0.13098E+01
 0.13176E+01  0.13255E+01  0.13333E+01  0.13412E+01  0.13490E+01  0.13569E+01  0.13647E+01  0.13725E+01  0.13804E+01  0.13882E+01
 0.13961E+01  0.14039E+01  0.14118E+01  0.14196E+01  0.14275E+01  0.14353E+01  0.14431E+01  0.14510E+01  0.14588E+01  0.14667E+01
 0.14745E+01  0.14824E+01  0.14902E+01  0.14980E+01  0.15059E+01  0.15137E+01  0.15216E+01  0.15294E+01  0.15373E+01  0.15451E+01
 0.15529E+01  0.15608E+01  0.15686E+01  0.15765E+01  0.15843E+01  0.15922E+01  0.16000E+01  0.16078E+01  0.16157E+01  0.16235E+01
 0.16314E+01  0.16392E+01  0.16471E+01  0.16549E+01  0.16627E+01  0.16706E+01  0.16784E+01  0.16863E+01  0.16941E+01  0.17020E+01
 0.17098E+01  0.17176E+01  0.17255E+01  0.17333E+01  0.17412E+01  0.17490E+01  0.17569E+01  0.17647E+01  0.17725E+01  0.17804E+01
 0.17882E+01  0.17961E+01  0.18039E+01  0.18118E+01  0.18196E+01  0.18275E+01  0.18353E+01  0.18431E+01  0.18510E+01  0.18588E+01
 0.18667E+01  0.18745E+01  0.18824E+01  0.18902E+01  0.18980E+01  0.19059E+01  0.19137E+01  0.19216E+01  0.19294E+01  0.19373E+01
 0.19451E+01  0.19529E+01  0.19608E+01  0.19686E+01  0.19765E+01  0.19843E+01  0.19922E+01  0.20000E+01 -0.20000E+01 -0.19922E+01
-0.19843E+01 -0.19765E+01 -0.19687E+01 -0.19609E+01 -0.19530E+01 -0.19452E+01 -0.19374E+01 -0.19295E+01 -0.19217E+01 -0.19139E+01
-0.19061E+01 -0.18982E+01 -0.18904E+01 -0.18826E+01 -0.18748E+01 -0.18669E+01 -0.18591E+01 -0.18513E+01 -0.18434E+01 -0.18356E+01
-0.18278E+01 -0.18200E+01 -0.18121E+01 -0.18043E+01 -0.17965E+01 -0.17886E+01 -0.17808E+01 -0.17730E+01 -0.17652E+01 -0.17573E+01
-0.17495E+01 -0.17417E+01 -0.17339E+01 -0.17260E+01 -0.17182E+01 -0.17104E+01 -0.17025E+01 -0.16947E+01 -0.16869E+01 -0.16791E+01
-0.16712E+01 -0.16634E+01 -0.16556E+01 -0.16477E+01 -0.16399E+01 -0.16321E+01 -0.16243E+01 -0.16164E+01 -0.16086E+01 -0.16008E+01
-0.15930E+01 -0.15851E+01 -0.15773E+01 -0.15695E+01 -0.15616E+01 -0.15538E+01 -0.15460E+01 -0.15382E+01 -0.15303E+01 -0.15225E+01
-0.15147E+01 -0.15068E+01 -0.14990E+01 -0.14912E+01 -0.14834E+01 -0.14755E+01 -0.14677E+01 -0.14599E+01 -0.14521E+01 -0.14442E+01
-0.14364E+01 -0.14286E+01 -0.14207E+01 -0.14129E+01 -0.14051E+01 -0.13973E+01 -0.13894E+01 -0.13816E+01 -0.13738E+01 -0.13659E+01
-0.13581E+01 -0.13503E+01 -0.13425E+01 -0.13346E+01 -0.13268E+01 -0.13190E+01 -0.13112E+01 -0.13033E+01 -0.12955E+01 -0.12877E+01
-0.12798E+01 -0.12720E+01 -0.12642E+01 -0.12564E+01 -0.12485E+01 -0.12407E+01 -0.12329E+01 -0.12250E+01 -0.12172E+01 -0.12094E+01
-0.12016E+01 -0.11937E+01 -0.11859E+01 -0.11781E+01 -0.11703E+01 -0.11624E+01 -0.11546E+01 -0.11468E+01 -0.11389E+01 -0.11311E+01
-0.11233E+01 -0.11155E+01 -0.11076E+01 -0.10998E+01 -0.10920E+01 -0.10841E+01 -0.10763E+01 -0.10685E+01 -0.10607E+01 -0.10528E+01
-0.10450E+01 -0.10372E+01 -0.10294E+01 -0.10215E+01 -0.10137E+01 -0.10059E+01 -0.99804E+00 -0.99022E+00 -0.98239E+00 -0.97456E+00
-0.96673E+00 -0.95890E+00 -0.95108E+00 -0.94325E+00 -0.93542E+00 -0.92759E+00 -0.91977E+00 -0.91194E+00 -0.90411E+00 -0.89628E+00
-0.88845E+00 -0.88063E+00 -0.87280E+00 -0.86497E+00 -0.85714E+00 -0.84932E+00 -0.84149E+00 -0.83366E+00 -0.82583E+00 -0.81800E+00
-0.81018E+00 -0.80235E+00 -0.79452E+00 -0.78669E+00 -0.77886E+00 -0.77104E+00 -0.76321E+00 -0.75538E+00 -0.74755E+00 -0.73973E+00
-0.73190E+00 -0.72407E+00 -0.71624E+00 -0.70841E+00 -0.70059E+00 -0.69276E+00 -0.68493E+00 -0.67710E+00 -0.66928E+00 -0.66145E+00
-0.65362E+00 -0.64579E+00 -0.63796E+00 -0.63014E+00 -0.62231E+00 -0.61448E+00 -0.60665E+00 -0.59883E+00 -0.59100E+00 -0.58317E+00
-0.57534E+00 -0.56751E+00 -0.55969E+00 -0.55186E+00 -0.54403E+00 -0.53620E+00 -0.52838E+00 -0.52055E+00 -0.51272E+00 -0.50489E+00
-0.49706E+00 -0.48924E+00 -0.48141E+00 -0.47358E+00 -0.46575E+00 -0.45793E+00 -0.45010E+00 -0.44227E+00 -0.43444E+00 -0.42661E+00
-0.41879E+00 -0.41096E+00 -0.40313E+00 -0.39530E+00 -0.38748E+00 -0.37965E+00 -0.37182E+00 -0.36399E+00 -0.35616E+00 -0.34834E+00
-0.34051E+00 -0.33268E+00 -0.32485E+00 -0.31703E+00 -0.30920E+00 -0.30137E+00 -0.29354E+00 -0.28571E+00 -0.27789E+00 -0.27006E+00
-0.26223E+00 -0.25440E+00 -0.24658E+00 -0.23875E+00 -0.23092E+00 -0.22309E+00 -0.21526E+00 -0.20744E+00 -0.19961E+00 -0.19178E+00
-0.18395E+00 -0.17613E+00 -0.16830E+00 -0.16047E+00 -0.15264E+00 -0.14481E+00 -0.13699E+00 -0.12916E+00 -0.12133E+00 -0.11350E+00
-0.10568E+00 -0.97847E-01 -0.90020E-01 -0.82192E-01 -0.74364E-01 -0.66536E-01 -0.58708E-01 -0.50881E-01 -0.43053E-01 -0.35225E-01
-0.27397E-01 -0.19569E-01 -0.11742E-01 -0.39139E-02  0.39139E-02  0.11742E-01  0.19569E-01  0.27397E-01  0.35225E-01  0.43053E-01
 0.50881E-01  0.58708E-01  0.66536E-01  0.74364E-01  0.82192E-01  0.90020E-01  0.97847E-01  0.10568E+00  0.11350E+00  0.12133E+00
 0.12916E+00  0.13699E+00  0.14481E+00  0.15264E+00  0.16047E+00  0.16830E+00  0.17613E+00  0.18395E+00  0.19178E+00  0.19961E+00
 0.20744E+00  0.21526E+00  0.22309E+00  0.23092E+00  0.23875E+00  0.24658E+00  0.25440E+00  0.26223E+00  0.27006E+00  0.27789E+00
 0.28571E+00  0.29354E+00  0.30137E+00  0.30920E+00  0.31703E+00  0.32485E+00  0.33268E+00  0.34051E+00  0.34834E+00  0.35616E+00
 0.36399E+00  0.37182E+00  0.37965E+00  0.38748E+00  0.39530E+00  0.40313E+00  0.41096E+00  0.41879E+00  0.42661E+00  0.43444E+00
 0.44227E+00  0.45010E+00  0.45793E+00  0.46575E+00  0.47358E+00  0.48141E+00  0.48924E+00  0.49706E+00  0.50489E+00  0.51272E+00
 0.52055E+00  0.52838E+00  0.53620E+00  0.54403E+00  0.55186E+00  0.55969E+00  0.56751E+00  0.57534E+00  0.58317E+00  0.59100E+00
 0.59883E+00  0.60665E+00  0.61448E+00  0.62231E+00  0.63014E+00  0.63796E+00  0.64579E+00  0.65362E+00  0.66145E+00  0.66928E+00
 0.67710E+00  0.68493E+00  0.69276E+00  0.70059E+00  0.70841E+00  0.71624E+00  0.72407E+00  0.73190E+00  0.73973E+00  0.74755E+00
 0.75538E+00  0.76321E+00  0.77104E+00  0.77886E+00  0.78669E+00  0.79452E+00  0.80235E+00  0.81018E+00  0.81800E+00  0.82583E+00
 0.83366E+00  0.84149E+00  0.84932E+00  0.85714E+00  0.86497E+00  0.87280E+00  0.88063E+00  0.88845E+00  0.89628E+00  0.90411E+00
 0.91194E+00  0.91977E+00  0.92759E+00  0.93542E+00  0.94325E+00  0.95108E+00  0.95890E+00  0.96673E+00  0.97456E+00  0.98239E+00
 0.99022E+00  0.99804E+00  0.10059E+01  0.10137E+01  0.10215E+01  0.10294E+01  0.10372E+01  0.10450E+01  0.10528E+01  0.10607E+01
 0.10685E+01  0.10763E+01  0.10841E+01  0.10920E+01  0.10998E+01  0.11076E+01  0.11155E+01  0.11233E+01  0.11311E+01  0.11389E+01
 0.11468E+01  0.11546E+01  0.11624E+01  0.11703E+01  0.11781E+01  0.11859E+01  0.11937E+01  0.12016E+01  0.12094E+01  0.12172E+01
 0.12250E+01  0.12329E+01  0.12407E+01  0.12485E+01  0.12564E+01  0.12642E+01  0.12720E+01  0.12798E+01  0.12877E+01  0.12955E+01
 0.13033E+01  0.13112E+01  0.13190E+01  0.13268E+01  0.13346E+01  0.13425E+01  0.13503E+01  0.13581E+01  0.13659E+01  0.13738E+01
 0.13816E+01  0.13894E+01  0.13973E+01  0.14051E+01  0.14129E+01  0.14207E+01  0.14286E+01  0.14364E+01  0.14442E+01  0.14521E+01
 0.14599E+01  0.14677E+01  0.14755E+01  0.14834E+01  0.14912E+01  0.14990E+01  0.15068E+01  0.15147E+01  0.15225E+01  0.15303E+01
 0.15382E+01  0.15460E+01  0.15538E+01  0.15616E+01  0.15695E+01  0.15773E+01  0.15851E+01  0.15930E+01  0.16008E+01  0.16086E+01
 0.16164E+01  0.16243E+01  0.16321E+01  0.16399E+01  0.16477E+01  0.16556E+01  0.16634E+01  0.16712E+01  0.16791E+01  0.16869E+01
 0.16947E+01  0.17025E+01  0.17104E+01  0.17182E+01  0.17260E+01  0.17339E+01  0.17417E+01  0.17495E+01  0.17573E+01  0.17652E+01
 0.17730E+01  0.17808E+01  0.17886E+01  0.17965E+01  0.18043E+01  0.18121E+01  0.18200E+01  0.18278E+01  0.18356E+01  0.18434E+01
 0.18513E+01  0.18591E+01  0.18669E+01  0.18748E+01  0.18826E+01  0.18904E+01  0.18982E+01  0.19061E+01  0.19139E+01  0.19217E+01
 0.19295E+01  0.19374E+01  0.19452E+01  0.19530E+01  0.19609E+01  0.19687E+01  0.19765E+01  0.19843E+01  0.19922E+01  0.20000E+01
    Infinity  0.00000E+00 -0.78046E-01 -0.30411E-02 -0.15973E+00  0.15669E+00
   3    0  0.32444E-01  0.60135-153  0.00000E+00  0.78431E-02  0.15686E-01  0.23529E-01  0.31373E-01  0.39216E-01  0.47059E-01  0.54902E-01
 0.62745E-01  0.70588E-01  0.78431E-01  0.86275E-01  0.94118E-01  0.10196E+00  0.10980E+00  0.11765E+00  0.12549E+00  0.13333E+00
 0.14118E+00  0.14902E+00  0.15686E+00  0.16471E+00  0.17255E+00  0.18039E+00  0.18824E+00  0.19608E+00  0.20392E+00  0.21176E+00
 0.21961E+00  0.22745E+00  0.23529E+00  0.24314E+00  0.25098E+00  0.25882E+00  0.26667E+00  0.27451E+00  0.28235E+00  0.29020E+00
 0.29804E+00  0.30588E+00  0.31373E+00  0.32157E+00  0.32941E+00  0.33725E+00  0.34510E+00  0.35294E+00  0.36078E+00  0.36863E+00
 0.37647E+00  0.38431E+00  0.39216E+00  0.40000E+00  0.40784E+00  0.41569E+00  0.42353E+00  0.43137E+00  0.43922E+00  0.44706E+00
 0.45490E+00  0.46275E+00  0.47059E+00  0.47843E+00  0.48627E+00  0.49412E+00  0.50196E+00  0.50980E+00  0.51765E+00  0.52549E+00
 0.53333E+00  0.54118E+00  0.54902E+00  0.55686E+00  0.56471E+00  0.57255E+00  0.58039E+00  0.58824E+00  0.59608E+00  0.60392E+00
 0.61176E+00  0.61961E+00  0.62745E+00  0.63529E+00  0.64314E+00  0.65098E+00  0.65882E+00  0.66667E+00  0.67451E+00  0.68235E+00
 0.69020E+00  0.69804E+00  0.70588E+00  0.71373E+00  0.72157E+00  0.72941E+00  0.73725E+00  0.74510E+00  0.75294E+00  0.76078E+00
 0.76863E+00  0.77647E+00  0.78431E+00  0.79216E+00  0.80000E+00  0.80784E+00  0.81569E+00  0.82353E+00  0.83137E+00  0.83922E+00
 0.84706E+00  0.85490E+00  0.86275E+00  0.87059E+00  0.87843E+00  0.88627E+00  0.89412E+00  0.90196E+00  0.90980E+00  0.91765E+00
 0.92549E+00  0.93333E+00  0.94118E+00  0.94902E+00  0.95686E+00  0.96471E+00  0.97255E+00  0.98039E+00  0.98824E+00  0.99608E+00
 0.10039E+01  0.10118E+01  0.10196E+01  0.10275E+01  0.10353E+01  0.10431E+01  0.10510E+01  0.10588E+01  0.10667E+01  0.10745E+01
 0.10824E+01  0.10902E+01  0.10980E+01  0.11059E+01  0.11137E+01  0.11216E+01  0.11294E+01  0.11373E+01  0.11451E+01  0.11529E+01
 0.11608E+01  0.11686E+01  0.11765E+01  0.11843E+01  0.11922E+01  0.12000E+01  0.12078E+01  0.12157E+01  0.12235E+01  0.12314E+01
 0.12392E+01  0.12471E+01  0.12549E+01  0.12627E+01  0.12706E+01  0.12784E+01  0.12863E+01  0.12941E+01  0.13020E+01  0.13098E+01
 0.13176E+01  0.13255E+01  0.13333E+01  0.13412E+01  0.13490E+01  0.13569E+01  0.13647E+01  0.13725E+01  0.13804E+01  0.13882E+01
 0.13961E+01  0.14039E+01  0.14118E+01  0.14196E+01  0.14275E+01  0.14353E+01  0.14431E+01  0.14510E+01  0.14588E+01  0.14667E+01
 0.14745E+01  0.14824E+01  0.14902E+01  0.14980E+01  0.15059E+01  0.15137E+01  0.15216E+01  0.15294E+01  0.15373E+01  0.15451E+01
 0.15529E+01  0.15608E+01  0.15686E+01  0.15765E+01  0.15843E+01  0.15922E+01  0.16000E+01  0.16078E+01  0.16157E+01  0.16235E+01
 0.16314E+01  0.16392E+01  0.16471E+01  0.16549E+01  0.16627E+01  0.16706E+01  0.16784E+01  0.16863E+01  0.16941E+01  0.17020E+01
 0.17098E+01  0.17176E+01  0.17255E+01  0.17333E+01  0.17412E+01  0.17490E+01  0.17569E+01  0.17647E+01  0.17725E+01  0.17804E+01
 0.17882E+01  0.17961E+01  0.18039E+01  0.18118E+01  0.18196E+01  0.18275E+01  0.18353E+01  0.18431E+01  0.18510E+01  0.18588E+01
 0.18667E+01  0.18745E+01  0.18824E+01  0.18902E+01  0.18980E+01  0.19059E+01  0.19137E+01  0.19216E+01  0.19294E+01  0.19373E+01
 0.19451E+01  0.19529E+01  0.19608E+01  0.19686E+01  0.19765E+01  0.19843E+01  0.19922E+01  0.20000E+01 -0.20000E+01 -0.19922E+01
-0.19843E+01 -0.19765E+01 -0.19687E+01 -0.19609E+01 -0.19530E+01 -0.19452E+01 -0.19374E+01 -0.19295E+01 -0.19217E+01 -0.19139E+01
-0.19061E+01 -0.18982E+01 -0.18904E+01 -0.18826E+01 -0.18748E+01 -0.18669E+01 -0.18591E+01 -0.18513E+01 -0.18434E+01 -0.18356E+01
-0.18278E+01 -0.18200E+01 -0.18121E+01 -0.18043E+01 -0.17965E+01 -0.17886E+01 -0.17808E+01 -0.17730E+01 -0.17652E+01 -0.17573E+01
-0.17495E+01 -0.17417E+01 -0.17339E+01 -0.17260E+01 -0.17182E+01 -0.17104E+01 -0.17025E+01 -0.16947E+01 -0.16869E+01 -0.16791E+01
-0.16712E+01 -0.16634E+01 -0.16556E+01 -0.16477E+01 -0.16399E+01 -0.16321E+01 -0.16243E+01 -0.16164E+01 -0.16086E+01 -0.16008E+01
-0.15930E+01 -0.15851E+01 -0.15773E+01 -0.15695E+01 -0.15616E+01 -0.15538E+01 -0.15460E+01 -0.15382E+01 -0.15303E+01 -0.15225E+01
-0.15147E+01 -0.15068E+01 -0.14990E+01 -0.14912E+01 -0.14834E+01 -0.14755E+01 -0.14677E+01 -0.14599E+01 -0.14521E+01 -0.14442E+01
-0.14364E+01 -0.14286E+01 -0.14207E+01 -0.14129E+01 -0.14051E+01 -0.13973E+01 -0.13894E+01 -0.13816E+01 -0.13738E+01 -0.13659E+01
-0.13581E+01 -0.13503E+01 -0.13425E+01 -0.13346E+01 -0.13268E+01 -0.13190E+01 -0.13112E+01 -0.13033E+01 -0.12955E+01 -0.12877E+01
-0.12798E+01 -0.12720E+01 -0.12642E+01 -0.12564E+01 -0.12485E+01 -0.12407E+01 -0.12329E+01 -0.12250E+01 -0.12172E+01 -0.12094E+01
-0.12016E+01 -0.11937E+01 -0.11859E+01 -0.11781E+01 -0.11703E+01 -0.11624E+01 -0.11546E+01 -0.11468E+01 -0.11389E+01 -0.11311E+01
-0.11233E+01 -0.11155E+01 -0.11076E+01 -0.10998E+01 -0.10920E+01 -0.10841E+01 -0.10763E+01 -0.10685E+01 -0.10607E+01 -0.10528E+01
-0.10450E+01 -0.10372E+01 -0.10294E+01 -0.10215E+01 -0.10137E+01 -0.10059E+01 -0.99804E+00 -0.99022E+00 -0.98239E+00 -0.97456E+00
-0.96673E+00 -0.95890E+00 -0.95108E+00 -0.94325E+00 -0.93542E+00 -0.92759E+00 -0.91977E+00 -0.91194E+00 -0.90411E+00 -0.89628E+00
-0.88845E+00 -0.88063E+00 -0.87280E+00 -0.86497E+00 -0.85714E+00 -0.84932E+00 -0.84149E+00 -0.83366E+00 -0.82583E+00 -0.81800E+00
-0.81018E+00 -0.80235E+00 -0.79452E+00 -0.78669E+00 -0.77886E+00 -0.77104E+00 -0.76321E+00 -0.75538E+00 -0.74755E+00 -0.73973E+00
-0.73190E+00 -0.72407E+00 -0.71624E+00 -0.70841E+00 -0.70059E+00 -0.69276E+00 -0.68493E+00 -0.67710E+00 -0.66928E+00 -0.66145E+00
-0.65362E+00 -0.64579E+00 -0.63796E+00 -0.63014E+00 -0.62231E+00 -0.61448E+00 -0.60665E+00 -0.59883E+00 -0.59100E+00 -0.58317E+00
-0.57534E+00 -0.56751E+00 -0.55969E+00 -0.55186E+00 -0.54403E+00 -0.53620E+00 -0.52838E+00 -0.52055E+00 -0.51272E+00 -0.50489E+00
-0.49706E+00 -0.48924E+00 -0.48141E+00 -0.47358E+00 -0.46575E+00 -0.45793E+00 -0.45010E+00 -0.44227E+00 -0.43444E+00 -0.42661E+00
-0.41879E+00 -0.41096E+00 -0.40313E+00 -0.39530E+00 -0.38748E+00 -0.37965E+00 -0.37182E+00 -0.36399E+00 -0.35616E+00 -0.34834E+00
-0.34051E+00 -0.33268E+00 -0.32485E+00 -0.31703E+00 -0.30920E+00 -0.30137E+00 -0.29354E+00 -0.28571E+00 -0.27789E+00 -0.27006E+00
-0.26223E+00 -0.25440E+00 -0.24658E+00 -0.23875E+00 -0.23092E+00 -0.22309E+00 -0.21526E+00 -0.20744E+00 -0.19961E+00 -0.19178E+00
-0.18395E+00 -0.17613E+00 -0.16830E+00 -0.16047E+00 -0.15264E+00 -0.14481E+00 -0.13699E+00 -0.12916E+00 -0.12133E+00 -0.11350E+00
-0.10568E+00 -0.97847E-01 -0.90020E-01 -0.82192E-01 -0.74364E-01 -0.66536E-01 -0.58708E-01 -0.50881E-01 -0.43053E-01 -0.35225E-01
-0.27397E-01 -0.19569E-01 -0.11742E-01 -0.39139E-02  0.39139E-02  0.11742E-01  0.19569E-01  0.27397E-01  0.35225E-01  0.43053E-01
 0.50881E-01  0.58708E-01  0.66536E-01  0.74364E-01  0.82192E-01  0.90020E-01  0.97847E-01  0.10568E+00  0.11350E+00  0.12133E+00
 0.12916E+00  0.13699E+00  0.14481E+00  0.15264E+00  0.16047E+00  0.16830E+00  0.17613E+00  0.18395E+00  0.19178E+00  0.19961E+00
 0.20744E+00  0.21526E+00  0.22309E+00  0.23092E+00  0.23875E+00  0.24658E+00  0.25440E+00  0.26223E+00  0.27006E+00  0.27789E+00
 0.28571E+00  0.29354E+00  0.30137E+00  0.30920E+00  0.31703E+00  0.32485E+00  0.33268E+00  0.34051E+00  0.34834E+00  0.35616E+00
 0.36399E+00  0.37182E+00  0.37965E+00  0.38748E+00  0.39530E+00  0.40313E+00  0.41096E+00  0.41879E+00  0.42661E+00  0.43444E+00
 0.44227E+00  0.45010E+00  0.45793E+00  0.46575E+00  0.47358E+00  0.48141E+00  0.48924E+00  0.49706E+00  0.50489E+00  0.51272E+00
 0.52055E+00  0.52838E+00  0.53620E+00  0.54403E+00  0.55186E+00  0.55969E+00  0.56751E+00  0.57534E+00  0.58317E+00  0.59100E+00
 0.59883E+00  0.60665E+00  0.61448E+00  0.62231E+00  0.63014E+00  0.63796E+00  0.64579E+00  0.65362E+00  0.66145E+00  0.66928E+00
 0.67710E+00  0.68493E+00  0.69276E+00  0.70059E+00  0.70841E+00  0.71624E+00  0.72407E+00  0.73190E+00  0.73973E+00  0.74755E+00
 0.75538E+00  0.76321E+00  0.77104E+00  0.77886E+00  0.78669E+00  0.79452E+00  0.80235E+00  0.81018E+00  0.81800E+00  0.82583E+00
 0.83366E+00  0.84149E+00  0.84932E+00  0.85714E+00  0.86497E+00  0.87280E+00  0.88063E+00  0.88845E+00  0.89628E+00  0.90411E+00
 0.91194E+00  0.91977E+00  0.92759E+00  0.93542E+00  0.94325E+00  0.95108E+00  0.95890E+00  0.96673E+00  0.97456E+00  0.98239E+00
 0.99022E+00  0.99804E+00  0.10059E+01  0.10137E+01  0.10215E+01  0.10294E+01  0.10372E+01  0.10450E+01  0.10528E+01  0.10607E+01
 0.10685E+01  0.10763E+01  0.10841E+01  0.10920E+01  0.10998E+01  0.11076E+01  0.11155E+01  0.11233E+01  0.11311E+01  0.11389E+01
 0.11468E+01  0.11546E+01  0.11624E+01  0.11703E+01  0.11781E+01  0.11859E+01  0.11937E+01  0.12016E+01  0.12094E+01  0.12172E+01
 0.12250E+01  0.12329E+01  0.12407E+01  0.12485E+01  0.12564E+01  0.12642E+01  0.12720E+01  0.12798E+01  0.12877E+01  0.12955E+01
 0.13033E+01  0.13112E+01  0.13190E+01  0.13268E+01  0.13346E+01  0.13425E+01  0.13503E+01  0.13581E+01  0.13659E+01  0.13738E+01
 0.13816E+01  0.13894E+01  0.13973E+01  0.14051E+01  0.14129E+01  0.14207E+01  0.14286E+01  0.14364E+01  0.14442E+01  0.14521E+01
 0.14599E+01  0.14677E+01  0.14755E+01  0.14834E+01  0.14912E+01  0.14990E+01  0.15068E+01  0.15147E+01  0.15225E+01  0.15303E+01
 0.15382E+01  0.15460E+01  0.15538E+01  0.15616E+01  0.15695E+01  0.15773E+01  0.15851E+01  0.15930E+01  0.16008E+01  0.16086E+01
 0.16164E+01  0.16243E+01  0.16321E+01  0.16399E+01  0.16477E+01  0.16556E+01  0.16634E+01  0.16712E+01  0.16791E+01  0.16869E+01
 0.16947E+01  0.17025E+01  0.17104E+01  0.17182E+01  0.17260E+01  0.17339E+01  0.17417E+01  0.17495E+01  0.17573E+01  0.17652E+01
 0.17730E+01  0.17808E+01  0.17886E+01  0.17965E+01  0.18043E+01  0.18121E+01  0.18200E+01  0.18278E+01  0.18356E+01  0.18434E+01
 0.18513E+01  0.18591E+01  0.18669E+01  0.18748E+01  0.18826E+01  0.18904E+01  0.18982E+01  0.19061E+01  0.19139E+01  0.19217E+01
 0.19295E+01  0.19374E+01  0.19452E+01  0.19530E+01  0.19609E+01  0.19687E+01  0.19765E+01  0.19843E+01  0.19922E+01  0.20000E+01
    Infinity  0.00000E+00 -0.78046E-01 -0.51496E-02 -0.22180E+00  0.21665E+00
   1    1  0.55657E-02  0.58488E-01  0.00000E+00  0.78431E-02  0.15686E-01  0.23529E-01  0.31373E-01  0.39216E-01  0.47059E-01  0.54902E-01
 0.62745E-01  0.70588E-01  0.78431E-01  0.86275E-01  0.94118E-01  0.10196E+00  0.10980E+00  0.11765E+00  0.12549E+00  0.13333E+00
 0.14118E+00  0.14902E+00  0.15686E+00  0.16471E+00  0.17255E+00  0.18039E+00  0.18824E+00  0.19608E+00  0.20392E+00  0.21176E+00
 0.21961E+00  0.22745E+00  0.23529E+00  0.24314E+00  0.25098E+00  0.25882E+00  0.26667E+00  0.27451E+00  0.28235E+00  0.29020E+00
 0.29804E+00  0.30588E+00  0.31373E+00  0.32157E+00  0.32941E+00  0.33725E+00  0.34510E+00  0.35294E+00  0.36078E+00  0.36863E+00
 0.37647E+00  0.38431E+00  0.39216E+00  0.40000E+00  0.40784E+00  0.41569E+00  0.42353E+00  0.43137E+00  0.43922E+00  0.44706E+00
 0.45490E+00  0.46275E+00  0.47059E+00  0.47843E+00  0.48627E+00  0.49412E+00  0.50196E+00  0.50980E+00  0.51765E+00  0.52549E+00
 0.53333E+00  0.54118E+00  0.54902E+00  0.55686E+00  0.56471E+00  0.57255E+00  0.58039E+00  0.58824E+00  0.59608E+00  0.60392E+00
 0.61176E+00  0.61961E+00  0.62745E+00  0.63529E+00  0.64314E+00  0.65098E+00  0.65882E+00  0.66667E+00  0.67451E+00  0.68235E+00
 0.69020E+00  0.69804E+00  0.70588E+00  0.71373E+00  0.72157E+00  0.72941E+00  0.73725E+00  0.74510E+00  0.75294E+00  0.76078E+00
 0.76863E+00  0.77647E+00  0.78431E+00  0.79216E+00  0.80000E+00  0.80784E+00  0.81569E+00  0.82353E+00  0.83137E+00  0.83922E+00
 0.84706E+00  0.85490E+00  0.86275E+00  0.87059E+00  0.87843E+00  0.88627E+00  0.89412E+00  0.90196E+00  0.90980E+00  0.91765E+00
 0.92549E+00  0.93333E+00  0.94118E+00  0.94902E+00  0.95686E+00  0.96471E+00  0.97255E+00  0.98039E+00  0.98824E+00  0.99608E+00
 0.10039E+01  0.10118E+01  0.10196E+01  0.10275E+01  0.10353E+01  0.10431E+01  0.10510E+01  0.10588E+01  0.10667E+01  0.10745E+01
 0.10824E+01  0.10902E+01  0.10980E+01  0.11059E+01  0.11137E+01  0.11216E+01  0.11294E+01  0.11373E+01  0.11451E+01  0.11529E+01
 0.11608E+01  0.11686E+01  0.11765E+01  0.11843E+01  0.11922E+01  0.12000E+01  0.12078E+01  0.12157E+01  0.12235E+01  0.12314E+01
 0.12392E+01  0.12471E+01  0.12549E+01  0.12627E+01  0.12706E+01  0.12784E+01  0.12863E+01  0.12941E+01  0.13020E+01  0.13098E+01
 0.13176E+01  0.13255E+01  0.13333E+01  0.13412E+01  0.13490E+01  0.13569E+01  0.13647E+01  0.13725E+01  0.13804E+01  0.13882E+01
 0.13961E+01  0.14039E+01  0.14118E+01  0.14196E+01  0.14275E+01  0.14353E+01  0.14431E+01  0.14510E+01  0.14588E+01  0.14667E+01
 0.14745E+01  0.14824E+01  0.14902E+01  0.14980E+01  0.15059E+01  0.15137E+01  0.15216E+01  0.15294E+01  0.15373E+01  0.15451E+01
 0.15529E+01  0.15608E+01  0.15686E+01  0.15765E+01  0.15843E+01  0.15922E+01  0.16000E+01  0.16078E+01  0.16157E+01  0.16235E+01
 0.16314E+01  0.16392E+01  0.16471E+01  0.16549E+01  0.16627E+01  0.16706E+01  0.16784E+01  0.16863E+01  0.16941E+01  0.17020E+01
 0.17098E+01  0.17176E+01  0.17255E+01  0.17333E+01  0.17412E+01  0.17490E+01  0.17569E+01  0.17647E+01  0.17725E+01  0.17804E+01
 0.17882E+01  0.17961E+01  0.18039E+01  0.18118E+01  0.18196E+01  0.18275E+01  0.18353E+01  0.18431E+01  0.18510E+01  0.18588E+01
 0.18667E+01  0.18745E+01  0.18824E+01  0.18902E+01  0.18980E+01  0.19059E+01  0.19137E+01  0.19216E+01  0.19294E+01  0.19373E+01
 0.19451E+01  0.19529E+01  0.19608E+01  0.19686E+01  0.19765E+01  0.19843E+01  0.19922E+01  0.20000E+01 -0.20000E+01 -0.19922E+01
-0.19843E+01 -0.19765E+01 -0.19687E+01 -0.19609E+01 -0.19530E+01 -0.19452E+01 -0.19374E+01 -0.19295E+01 -0.19217E+01 -0.19139E+01
-0.19061E+01 -0.18982E+01 -0.18904E+01 -0.18826E+01 -0.18748E+01 -0.18669E+01 -0.18591E+01 -0.18513E+01 -0.18434E+01 -0.18356E+01
-0.18278E+01 -0.18200E+01 -0.18121E+01 -0.18043E+01 -0.17965E+01 -0.17886E+01 -0.17808E+01 -0.17730E+01 -0.17652E+01 -0.17573E+01
-0.17495E+01 -0.17417E+01 -0.17339E+01 -0.17260E+01 -0.17182E+01 -0.17104E+01 -0.17025E+01 -0.16947E+01 -0.16869E+01 -0.16791E+01
-0.16712E+01 -0.16634E+01 -0.16556E+01 -0.16477E+01 -0.16399E+01 -0.16321E+01 -0.16243E+01 -0.16164E+01 -0.16086E+01 -0.16008E+01
-0.15930E+01 -0.15851E+01 -0.15773E+01 -0.15695E+01 -0.15616E+01 -0.15538E+01 -0.15460E+01 -0.15382E+01 -0.15303E+01 -0.15225E+01
-0.15147E+01 -0.15068E+01 -0.14990E+01 -0.14912E+01 -0.14834E+01 -0.14755E+01 -0.14677E+01 -0.14599E+01 -0.14521E+01 -0.14442E+01
-0.14364E+01 -0.14286E+01 -0.14207E+01 -0.14129E+01 -0.14051E+01 -0.13973E+01 -0.13894E+01 -0.13816E+01 -0.13738E+01 -0.13659E+01
-0.13581E+01 -0.13503E+01 -0.13425E+01 -0.13346E+01 -0.13268E+01 -0.13190E+01 -0.13112E+01 -0.13033E+01 -0.12955E+01 -0.12877E+01
-0.12798E+01 -0.12720E+01 -0.12642E+01 -0.12564E+01 -0.12485E+01 -0.12407E+01 -0.12329E+01 -0.12250E+01 -0.12172E+01 -0.12094E+01
-0.12016E+01 -0.11937E+01 -0.11859E+01 -0.11781E+01 -0.11703E+01 -0.11624E+01 -0.11546E+01 -0.11468E+01 -0.11389E+01 -0.11311E+01
-0.11233E+01 -0.11155E+01 -0.11076E+01 -0.10998E+01 -0.10920E+01 -0.10841E+01 -0.10763E+01 -0.10685E+01 -0.10607E+01 -0.10528E+01
-0.10450E+01 -0.10372E+01 -0.10294E+01 -0.10215E+01 -0.10137E+01 -0.10059E+01 -0.99804E+00 -0.99022E+00 -0.98239E+00 -0.97456E+00
-0.96673E+00 -0.95890E+00 -0.95108E+00 -0.94325E+00 -0.93542E+00 -0.92759E+00 -0.91977E+00 -0.91194E+00 -0.90411E+00 -0.89628E+00
-0.88845E+00 -0.88063E+00 -0.87280E+00 -0.86497E+00 -0.85714E+00 -0.84932E+00 -0.84149E+00 -0.83366E+00 -0.82583E+00 -0.81800E+00
-0.81018E+00 -0.80235E+00 -0.79452E+00 -0.78669E+00 -0.77886E+00 -0.77104E+00 -0.76321E+00 -0.75538E+00 -0.74755E+00 -0.73973E+00
-0.73190E+00 -0.72407E+00 -0.71624E+00 -0.70841E+00 -0.70059E+00 -0.69276E+00 -0.68493E+00 -0.67710E+00 -0.66928E+00 -0.66145E+00
-0.65362E+00 -0.64579E+00 -0.63796E+00 -0.63014E+00 -0.62231E+00 -0.61448E+00 -0.60665E+00 -0.59883E+00 -0.59100E+00 -0.58317E+00
-0.57534E+00 -0.56751E+00 -0.55969E+00 -0.55186E+00 -0.54403E+00 -0.53620E+00 -0.52838E+00 -0.52055E+00 -0.51272E+00 -0.50489E+00
-0.49706E+00 -0.48924E+00 -0.48141E+00 -0.47358E+00 -0.46575E+00 -0.45793E+00 -0.45010E+00 -0.44227E+00 -0.43444E+00 -0.42661E+00
-0.41879E+00 -0.41096E+00 -0.40313E+00 -0.39530E+00 -0.38748E+00 -0.37965E+00 -0.37182E+00 -0.36399E+00 -0.35616E+00 -0.34834E+00
-0.34051E+00 -0.33268E+00 -0.32485E+00 -0.31703E+00 -0.30920E+00 -0.30137E+00 -0.29354E+00 -0.28571E+00 -0.27789E+00 -0.27006E+00
-0.26223E+00 -0.25440E+00 -0.24658E+00 -0.23875E+00 -0.23092E+00 -0.22309E+00 -0.21526E+00 -0.20744E+00 -0.19961E+00 -0.19178E+00
-0.18395E+00 -0.17613E+00 -0.16830E+00 -0.16047E+00 -0.15264E+00 -0.14481E+00 -0.13699E+00 -0.12916E+00 -0.12133E+00 -0.11350E+00
-0.10568E+00 -0.97847E-01 -0.90020E-01 -0.82192E-01 -0.74364E-01 -0.66536E-01 -0.58708E-01 -0.50881E-01 -0.43053E-01 -0.35225E-01
-0.27397E-01 -0.19569E-01 -0.11742E-01 -0.39139E-02  0.39139E-02  0.11742E-01  0.19569E-01  0.27397E-01  0.35225E-01  0.43053E-01
 0.50881E-01  0.58708E-01  0.66536E-01  0.74364E-01  0.82192E-01  0.90020E-01  0.97847E-01  0.10568E+00  0.11350E+00  0.12133E+00
 0.12916E+00  0.13699E+00  0.14481E+00  0.15264E+00  0.16047E+00  0.16830E+00  0.17613E+00  0.18395E+00  0.19178E+00  0.19961E+00
 0.20744E+00  0.21526E+00  0.22309E+00  0.23092E+00  0.23875E+00  0.24658E+00  0.25440E+00  0.26223E+00  0.27006E+00  0.27789E+00
 0.28571E+00  0.29354E+00  0.30137E+00  0.30920E+00  0.31703E+00  0.32485E+00  0.33268E+00  0.34051E+00  0.34834E+00  0.35616E+00
 0.36399E+00  0.37182E+00  0.37965E+00  0.38748E+00  0.39530E+00  0.40313E+00  0.41096E+00  0.41879E+00  0.42661E+00  0.43444E+00
 0.44227E+00  0.45010E+00  0.45793E+00  0.46575E+00  0.47358E+00  0.48141E+00  0.48924E+00  0.49706E+00  0.50489E+00  0.51272E+00
 0.52055E+00  0.52838E+00  0.53620E+00  0.54403E+00  0.55186E+00  0.55969E+00  0.56751E+00  0.57534E+00  0.58317E+00  0.59100E+00
 0.59883E+00  0.60665E+00  0.61448E+00  0.62231E+00  0.63014E+00  0.63796E+00  0.64579E+00  0.65362E+00  0.66145E+00  0.66928E+00
 0.67710E+00  0.68493E+00  0.69276E+00  0.70059E+00  0.70841E+00  0.71624E+00  0.72407E+00  0.73190E+00  0.73973E+00  0.74755E+00
 0.75538E+00  0.76321E+00  0.77104E+00  0.77886E+00  0.78669E+00  0.79452E+00  0.80235E+00  0.81018E+00  0.81800E+00  0.82583E+00
 0.83366E+00  0.84149E+00  0.84932E+00  0.85714E+00  0.86497E+00  0.87280E+00  0.88063E+00  0.88845E+00  0.89628E+00  0.90411E+00
 0.91194E+00  0.91977E+00  0.92759E+00  0.93542E+00  0.94325E+00  0.95108E+00  0.95890E+00  0.96673E+00  0.97456E+00  0.98239E+00
 0.99022E+00  0.99804E+00  0.10059E+01  0.10137E+01  0.10215E+01  0.10294E+01  0.10372E+01  0.10450E+01  0.10528E+01  0.10607E+01
 0.10685E+01  0.10763E+01  0.10841E+01  0.10920E+01  0.10998E+01  0.11076E+01  0.11155E+01  0.11233E+01  0.11311E+01  0.11389E+01
 0.11468E+01  0.11546E+01  0.11624E+01  0.11703E+01  0.11781E+01  0.11859E+01  0.11937E+01  0.12016E+01  0.12094E+01  0.12172E+01
 0.12250E+01  0.12329E+01  0.12407E+01  0.12485E+01  0.12564E+01  0.12642E+01  0.12720E+01  0.12798E+01  0.12877E+01  0.12955E+01
 0.13033E+01  0.13112E+01  0.13190E+01  0.13268E+01  0.13346E+01  0.13425E+01  0.13503E+01  0.13581E+01  0.13659E+01  0.13738E+01
 0.13816E+01  0.13894E+01  0.13973E+01  0.14051E+01  0.14129E+01  0.14207E+01  0.14286E+01  0.14364E+01  0.14442E+01  0.14521E+01
 0.14599E+01  0.14677E+01  0.14755E+01  0.14834E+01  0.14912E+01  0.14990E+01  0.15068E+01  0.15147E+01  0.15225E+01  0.15303E+01
 0.15382E+01  0.15460E+01  0.15538E+01  0.15616E+01  0.15695E+01  0.15773E+01  0.15851E+01  0.15930E+01  0.16008E+01  0.16086E+01
 0.16164E+01  0.16243E+01  0.16321E+01  0.16399E+01  0.16477E+01  0.16556E+01  0.16634E+01  0.16712E+01  0.16791E+01  0.16869E+01
 0.16947E+01  0.17025E+01  0.17104E+01  0.17182E+01  0.17260E+01  0.17339E+01  0.17417E+01  0.17495E+01  0.17573E+01  0.17652E+01
 0.17730E+01  0.17808E+01  0.17886E+01  0.17965E+01  0.18043E+01  0.18121E+01  0.18200E+01  0.18278E+01  0.18356E+01  0.18434E+01
 0.18513E+01  0.18591E+01  0.18669E+01  0.18748E+01  0.18826E+01  0.18904E+01  0.18982E+01  0.19061E+01  0.19139E+01  0.19217E+01
 0.19295E+01  0.19374E+01  0.19452E+01  0.19530E+01  0.19609E+01  0.19687E+01  0.19765E+01  0.19843E+01  0.19922E+01  0.20000E+01
    Infinity  0.00000E+00    -Infinity -0.34211E-02 -0.16923E+00  0.16581E+00
   2    1  0.96635E-03  0.58488E-01  0.00000E+00  0.78431E-02  0.15686E-01  0.23529E-01  0.31373E-01  0.39216E-01  0.47059E-01  0.54902E-01
 0.62745E-01  0.70588E-01  0.78431E-01  0.86275E-01  0.94118E-01  0.10196E+00  0.10980E+00  0.11765E+00  0.12549E+00  0.13333E+00
 0.14118E+00  0.14902E+00  0.15686E+00  0.16471E+00  0.17255E+00  0.18039E+00  0.18824E+00  0.19608E+00  0.20392E+00  0.21176E+00
 0.21961E+00  0.22745E+00  0.23529E+00  0.24314E+00  0.25098E+00  0.25882E+00  0.26667E+00  0.27451E+00  0.28235E+00  0.29020E+00
 0.29804E+00  0.30588E+00  0.31373E+00  0.32157E+00  0.32941E+00  0.33725E+00  0.34510E+00  0.35294E+00  0.36078E+00  0.36863E+00
 0.37647E+00  0.38431E+00  0.39216E+00  0.40000E+00  0.40784E+00  0.41569E+00  0.42353E+00  0.43137E+00  0.43922E+00  0.44706E+00
 0.45490E+00  0.46275E+00  0.47059E+00  0.47843E+00  0.48627E+00  0.49412E+00  0.50196E+00  0.50980E+00  0.51765E+00  0.52549E+00
 0.53333E+00  0.54118E+00  0.54902E+00  0.55686E+00  0.56471E+00  0.57255E+00  0.58039E+00  0.58824E+00  0.59608E+00  0.60392E+00
 0.61176E+00  0.61961E+00  0.62745E+00  0.63529E+00  0.64314E+00  0.65098E+00  0.65882E+00  0.66667E+00  0.67451E+00  0.68235E+00
 0.69020E+00  0.69804E+00  0.70588E+00  0.71373E+00  0.72157E+00  0.72941E+00  0.73725E+00  0.74510E+00  0.75294E+00  0.76078E+00
 0.76863E+00  0.77647E+00  0.78431E+00  0.79216E+00  0.80000E+00  0.80784E+00  0.81569E+00  0.82353E+00  0.83137E+00  0.83922E+00
 0.84706E+00  0.85490E+00  0.86275E+00  0.87059E+00  0.87843E+00  0.88627E+00  0.89412E+00  0.90196E+00  0.90980E+00  0.91765E+00
 0.92549E+00  0.93333E+00  0.94118E+00  0.94902E+00  0.95686E+00  0.96471E+00  0.97255E+00  0.98039E+00  0.98824E+00  0.99608E+00
 0.10039E+01  0.10118E+01  0.10196E+01  0.10275E+01  0.10353E+01  0.10431E+01  0.10510E+01  0.10588E+01  0.10667E+01  0.10745E+01
 0.10824E+01  0.10902E+01  0.10980E+01  0.11059E+01  0.11137E+01  0.11216E+01  0.11294E+01  0.11373E+01  0.11451E+01  0.11529E+01
 0.11608E+01  0.11686E+01  0.11765E+01  0.11843E+01  0.11922E+01  0.12000E+01  0.12078E+01  0.12157E+01  0.12235E+01  0.12314E+01
 0.12392E+01  0.12471E+01  0.12549E+01  0.12627E+01  0.12706E+01  0.12784E+01  0.12863E+01  0.12941E+01  0.13020E+01  0.13098E+01
 0.13176E+01  0.13255E+01  0.13333E+01  0.13412E+01  0.13490E+01  0.13569E+01  0.13647E+01  0.13725E+01  0.13804E+01  0.13882E+01
 0.13961E+01  0.14039E+01  0.14118E+01  0.14196E+01  0.14275E+01  0.14353E+01  0.14431E+01  0.14510E+01  0.14588E+01  0.14667E+01
 0.14745E+01  0.14824E+01  0.14902E+01  0.14980E+01  0.15059E+01  0.15137E+01  0.15216E+01  0.15294E+01  0.15373E+01  0.15451E+01
 0.15529E+01  0.15608E+01  0.15686E+01  0.15765E+01  0.15843E+01  0.15922E+01  0.16000E+01  0.16078E+01  0.16157E+01  0.16235E+01
 0.16314E+01  0.16392E+01  0.16471E+01  0.16549E+01  0.16627E+01  0.16706E+01  0.16784E+01  0.16863E+01  0.16941E+01  0.17020E+01
 0.17098E+01  0.17176E+01  0.17255E+01  0.17333E+01  0.17412E+01  0.17490E+01  0.17569E+01  0.17647E+01  0.17725E+01  0.17804E+01
 0.17882E+01  0.17961E+01  0.18039E+01  0.18118E+01  0.18196E+01  0.18275E+01  0.18353E+01  0.18431E+01  0.18510E+01  0.18588E+01
 0.18667E+01  0.18745E+01  0.18824E+01  0.18902E+01  0.18980E+01  0.19059E+01  0.19137E+01  0.19216E+01  0.19294E+01  0.19373E+01
 0.19451E+01  0.19529E+01  0.19608E+01  0.19686E+01  0.19765E+01  0.19843E+01  0.19922E+01  0.20000E+01 -0.20000E+01 -0.19922E+01
-0.19843E+01 -0.19765E+01 -0.19687E+01 -0.19609E+01 -0.19530E+01 -0.19452E+01 -0.19374E+01 -0.19295E+01 -0.19217E+01 -0.19139E+01
-0.19061E+01 -0.18982E+01 -0.18904E+01 -0.18826E+01 -0.18748E+01 -0.18669E+01 -0.18591E+01 -0.18513E+01 -0.18434E+01 -0.18356E+01
-0.18278E+01 -0.18200E+01 -0.18121E+01 -0.18043E+01 -0.17965E+01 -0.17886E+01 -0.17808E+01 -0.17730E+01 -0.17652E+01 -0.17573E+01
-0.17495E+01 -0.17417E+01 -0.17339E+01 -0.17260E+01 -0.17182E+01 -0.17104E+01 -0.17025E+01 -0.16947E+01 -0.16869E+01 -0.16791E+01
-0.16712E+01 -0.16634E+01 -0.16556E+01 -0.16477E+01 -0.16399E+01 -0.16321E+01 -0.16243E+01 -0.16164E+01 -0.16086E+01 -0.16008E+01
-0.15930E+01 -0.15851E+01 -0.15773E+01 -0.15695E+01 -0.15616E+01 -0.15538E+01 -0.15460E+01 -0.15382E+01 -0.15303E+01 -0.15225E+01
-0.15147E+01 -0.15068E+01 -0.14990E+01 -0.14912E+01 -0.14834E+01 -0.14755E+01 -0.14677E+01 -0.14599E+01 -0.14521E+01 -0.14442E+01
-0.14364E+01 -0.14286E+01 -0.14207E+01 -0.14129E+01 -0.14051E+01 -0.13973E+01 -0.13894E+01 -0.13816E+01 -0.13738E+01 -0.13659E+01
-0.13581E+01 -0.13503E+01 -0.13425E+01 -0.13346E+01 -0.13268E+01 -0.13190E+01 -0.13112E+01 -0.13033E+01 -0.12955E+01 -0.12877E+01
-0.12798E+01 -0.12720E+01 -0.12642E+01 -0.12564E+01 -0.12485E+01 -0.12407E+01 -0.12329E+01 -0.12250E+01 -0.12172E+01 -0.12094E+01
-0.12016E+01 -0.11937E+01 -0.11859E+01 -0.11781E+01 -0.11703E+01 -0.11624E+01 -0.11546E+01 -0.11468E+01 -0.11389E+01 -0.11311E+01
-0.11233E+01 -0.11155E+01 -0.11076E+01 -0.10998E+01 -0.10920E+01 -0.10841E+01 -0.10763E+01 -0.10685E+01 -0.10607E+01 -0.10528E+01
-0.10450E+01 -0.10372E+01 -0.10294E+01 -0.10215E+01 -0.10137E+01 -0.10059E+01 -0.99804E+00 -0.99022E+00 -0.98239E+00 -0.97456E+00
-0.96673E+00 -0.95890E+00 -0.95108E+00 -0.94325E+00 -0.93542E+00 -0.92759E+00 -0.91977E+00 -0.91194E+00 -0.90411E+00 -0.89628E+00
-0.88845E+00 -0.88063E+00 -0.87280E+00 -0.86497E+00 -0.85714E+00 -0.84932E+00 -0.84149E+00 -0.83366E+00 -0.82583E+00 -0.81800E+00
-0.81018E+00 -0.80235E+00 -0.79452E+00 -0.78669E+00 -0.77886E+00 -0.77104E+00 -0.76321E+00 -0.75538E+00 -0.74755E+00 -0.73973E+00
-0.73190E+00 -0.72407E+00 -0.71624E+00 -0.70841E+00 -0.70059E+00 -0.69276E+00 -0.68493E+00 -0.67710E+00 -0.66928E+00 -0.66145E+00
-0.65362E+00 -0.64579E+00 -0.63796E+00 -0.63014E+00 -0.62231E+00 -0.61448E+00 -0.60665E+00 -0.59883E+00 -0.59100E+00 -0.58317E+00
-0.57534E+00 -0.56751E+00 -0.55969E+00 -0.55186E+00 -0.54403E+00 -0.53620E+00 -0.52838E+00 -0.52055E+00 -0.51272E+00 -0.50489E+00
-0.49706E+00 -0.48924E+00 -0.48141E+00 -0.47358E+00 -0.46575E+00 -0.45793E+00 -0.45010E+00 -0.44227E+00 -0.43444E+00 -0.42661E+00
-0.41879E+00 -0.41096E+00 -0.40313E+00 -0.39530E+00 -0.38748E+00 -0.37965E+00 -0.37182E+00 -0.36399E+00 -0.35616E+00 -0.34834E+00
-0.34051E+00 -0.33268E+00 -0.32485E+00 -0.31703E+00 -0.30920E+00 -0.30137E+00 -0.29354E+00 -0.28571E+00 -0.27789E+00 -0.27006E+00
-0.26223E+00 -0.25440E+00 -0.24658E+00 -0.23875E+00 -0.23092E+00 -0.22309E+00 -0.21526E+00 -0.20744E+00 -0.19961E+00 -0.19178E+00
-0.18395E+00 -0.17613E+00 -0.16830E+00 -0.16047E+00 -0.15264E+00 -0.14481E+00 -0.13699E+00 -0.12916E+00 -0.12133E+00 -0.11350E+00
-0.10568E+00 -0.97847E-01 -0.90020E-01 -0.82192E-01 -0.74364E-01 -0.66536E-01 -0.58708E-01 -0.50881E-01 -0.43053E-01 -0.35225E-01
-0.27397E-01 -0.19569E-01 -0.11742E-01 -0.39139E-02  0.39139E-02  0.11742E-01  0.19569E-01  0.27397E-01  0.35225E-01  0.43053E-01
 0.50881E-01  0.58708E-01  0.66536E-01  0.74364E-01  0.82192E-01  0.90020E-01  0.97847E-01  0.10568E+00  0.11350E+00  0.12133E+00
 0.12916E+00  0.13699E+00  0.14481E+00  0.15264E+00  0.16047E+00  0.16830E+00  0.17613E+00  0.18395E+00  0.19178E+00  0.19961E+00
 0.20744E+00  0.21526E+00  0.22309E+00  0.23092E+00  0.23875E+00  0.24658E+00  0.25440E+00  0.26223E+00  0.27006E+00  0.27789E+00
 0.28571E+00  0.29354E+00  0.30137E+00  0.30920E+00  0.31703E+00  0.32485E+00  0.33268E+00  0.34051E+00  0.34834E+00  0.35616E+00
 0.36399E+00  0.37182E+00  0.37965E+00  0.38748E+00  0.39530E+00  0.40313E+00  0.41096E+00  0.41879E+00  0.42661E+00  0.43444E+00
 0.44227E+00  0.45010E+00  0.45793E+00  0.46575E+00  0.47358E+00  0.48141E+00  0.48924E+00  0.49706E+00  0.50489E+00  0.51272E+00
 0.52055E+00  0.52838E+00  0.53620E+00  0.54403E+00  0.55186E+00  0.55969E+00  0.56751E+00  0.57534E+00  0.58317E+00  0.59100E+00
 0.59883E+00  0.60665E+00  0.61448E+00  0.62231E+00  0.63014E+00  0.63796E+00  0.64579E+00  0.65362E+00  0.66145E+00  0.66928E+00
 0.67710E+00  0.68493E+00  0.69276E+00  0.70059E+00  0.70841E+00  0.71624E+00  0.72407E+00  0.73190E+00  0.73973E+00  0.74755E+00
 0.75538E+00  0.76321E+00  0.77104E+00  0.77886E+00  0.78669E+00  0.79452E+00  0.80235E+00  0.81018E+00  0.81800E+00  0.82583E+00
 0.83366E+00  0.84149E+00  0.84932E+00  0.85714E+00  0.86497E+00  0.87280E+00  0.88063E+00  0.88845E+00  0.89628E+00  0.90411E+00
 0.91194E+00  0.91977E+00  0.92759E+00  0.93542E+00  0.94325E+00  0.95108E+00  0.95890E+00  0.96673E+00  0.97456E+00  0.98239E+00
 0.99022E+00  0.99804E+00  0.10059E+01  0.10137E+01  0.10215E+01  0.10294E+01  0.10372E+01  0.10450E+01  0.10528E+01  0.10607E+01
 0.10685E+01  0.10763E+01  0.10841E+01  0.10920E+01  0.10998E+01  0.11076E+01  0.11155E+01  0.11233E+01  0.11311E+01  0.11389E+01
 0.11468E+01  0.11546E+01  0.11624E+01  0.11703E+01  0.11781E+01  0.11859E+01  0.11937E+01  0.12016E+01  0.12094E+01  0.12172E+01
 0.12250E+01  0.12329E+01  0.12407E+01  0.12485E+01  0.12564E+01  0.12642E+01  0.12720E+01  0.12798E+01  0.12877E+01  0.12955E+01
 0.13033E+01  0.13112E+01  0.13190E+01  0.13268E+01  0.13346E+01  0.13425E+01  0.13503E+01  0.13581E+01  0.13659E+01  0.13738E+01
 0.13816E+01  0.13894E+01  0.13973E+01  0.14051E+01  0.14129E+01  0.14207E+01  0.14286E+01  0.14364E+01  0.14442E+01  0.14521E+01
 0.14599E+01  0.14677E+01  0.14755E+01  0.14834E+01  0.14912E+01  0.14990E+01  0.15068E+01  0.15147E+01  0.15225E+01  0.15303E+01
 0.15382E+01  0.15460E+01  0.15538E+01  0.15616E+01  0.15695E+01  0.15773E+01  0.15851E+01  0.15930E+01  0.16008E+01  0.16086E+01
 0.16164E+01  0.16243E+01  0.16321E+01  0.16399E+01  0.16477E+01  0.16556E+01  0.16634E+01  0.16712E+01  0.16791E+01  0.16869E+01
 0.16947E+01  0.17025E+01  0.17104E+01  0.17182E+01  0.17260E+01  0.17339E+01  0.17417E+01  0.17495E+01  0.17573E+01  0.17652E+01
 0.17730E+01  0.17808E+01  0.17886E+01  0.17965E+01  0.18043E+01  0.18121E+01  0.18200E+01  0.18278E+01  0.18356E+01  0.18434E+01
 0.18513E+01  0.18591E+01  0.18669E+01  0.18748E+01  0.18826E+01  0.18904E+01  0.18982E+01  0.19061E+01  0.19139E+01  0.19217E+01
 0.19295E+01  0.19374E+01  0.19452E+01  0.19530E+01  0.19609E+01  0.19687E+01  0.19765E+01  0.19843E+01  0.19922E+01  0.20000E+01
    Infinity  0.00000E+00    -Infinity -0.30016E-02 -0.15630E+00  0.15330E+00
   3    1  0.70689E-03  0.58488E-01  0.00000E+00  0.78431E-02  0.15686E-01  0.23529E-01  0.31373E-01  0.39216E-01  0.47059E-01  0.54902E-01
 0.62745E-01  0.70588E-01  0.78431E-01  0.86275E-01  0.94118E-01  0.10196E+00  0.10980E+00  0.11765E+00  0.12549E+00  0.13333E+00
 0.14118E+00  0.14902E+00  0.15686E+00  0.16471E+00  0.17255E+00  0.18039E+00  0.18824E+00  0.19608E+00  0.20392E+00  0.21176E+00
 0.21961E+00  0.22745E+00  0.23529E+00  0.24314E+00  0.25098E+00  0.25882E+00  0.26667E+00  0.27451E+00  0.28235E+00  0.29020E+00
 0.29804E+00  0.30588E+00  0.31373E+00  0.32157E+00  0.32941E+00  0.33725E+00  0.34510E+00  0.35294E+00  0.36078E+00  0.36863E+00
 0.37647E+00  0.38431E+00  0.39216E+00  0.40000E+00  0.40784E+00  0.41569E+00  0.42353E+00  0.43137E+00  0.43922E+00  0.44706E+00
 0.45490E+00  0.46275E+00  0.47059E+00  0.47843E+00  0.48627E+00  0.49412E+00  0.50196E+00  0.50980E+00  0.51765E+00  0.52549E+00
 0.53333E+00  0.54118E+00  0.54902E+00  0.55686E+00  0.56471E+00  0.57255E+00  0.58039E+00  0.58824E+00  0.59608E+00  0.60392E+00
 0.61176E+00  0.61961E+00  0.62745E+00  0.63529E+00  0.64314E+00  0.65098E+00  0.65882E+00  0.66667E+00  0.67451E+00  0.68235E+00
 0.69020E+00  0.69804E+00  0.70588E+00  0.71373E+00  0.72157E+00  0.72941E+00  0.73725E+00  0.74510E+00  0.75294E+00  0.76078E+00
 0.76863E+00  0.77647E+00  0.78431E+00  0.79216E+00  0.80000E+00  0.80784E+00  0.81569E+00  0.82353E+00  0.83137E+00  0.83922E+00
 0.84706E+00  0.85490E+00  0.86275E+00  0.87059E+00  0.87843E+00  0.88627E+00  0.89412E+00  0.90196E+00  0.90980E+00  0.91765E+00
 0.92549E+00  0.93333E+00  0.94118E+00  0.94902E+00  0.95686E+00  0.96471E+00  0.97255E+00  0.98039E+00  0.98824E+00  0.99608E+00
 0.10039E+01  0.10118E+01  0.10196E+01  0.10275E+01  0.10353E+01  0.10431E+01  0.10510E+01  0.10588E+01  0.10667E+01  0.10745E+01
 0.10824E+01  0.10902E+01  0.10980E+01  0.11059E+01  0.11137E+01  0.11216E+01  0.11294E+01  0.11373E+01  0.11451E+01  0.11529E+01
 0.11608E+01  0.11686E+01  0.11765E+01  0.11843E+01  0.11922E+01  0.12000E+01  0.12078E+01  0.12157E+01  0.12235E+01  0.12314E+01
 0.12392E+01  0.12471E+01  0.12549E+01  0.12627E+01  0.12706E+01  0.12784E+01  0.12863E+01  0.12941E+01  0.13020E+01  0.13098E+01
 0.13176E+01  0.13255E+01  0.13333E+01  0.13412E+01  0.13490E+01  0.13569E+01  0.13647E+01  0.13725E+01  0.13804E+01  0.13882E+01
 0.13961E+01  0.14039E+01  0.14118E+01  0.14196E+01  0.14275E+01  0.14353E+01  0.14431E+01  0.14510E+01  0.14588E+01  0.14667E+01
 0.14745E+01  0.14824E+01  0.14902E+01  0.14980E+01  0.15059E+01  0.15137E+01  0.15216E+01  0.15294E+01  0.15373E+01  0.15451E+01
 0.15529E+01  0.15608E+01  0.15686E+01  0.15765E+01  0.15843E+01  0.15922E+01  0.16000E+01  0.16078E+01  0.16157E+01  0.16235E+01
 0.16314E+01  0.16392E+01  0.16471E+01  0.16549E+01  0.16627E+01  0.16706E+01  0.16784E+01  0.16863E+01  0.16941E+01  0.17020E+01
 0.17098E+01  0.17176E+01  0.17255E+01  0.17333E+01  0.17412E+01  0.17490E+01  0.17569E+01  0.17647E+01  0.17725E+01  0.17804E+01
 0.17882E+01  0.17961E+01  0.18039E+01  0.18118E+01  0.18196E+01  0.18275E+01  0.18353E+01  0.18431E+01  0.18510E+01  0.18588E+01
 0.18667E+01  0.18745E+01  0.18824E+01  0.18902E+01  0.18980E+01  0.19059E+01  0.19137E+01  0.19216E+01  0.19294E+01  0.19373E+01
 0.19451E+01  0.19529E+01  0.19608E+01  0.19686E+01  0.19765E+01  0.19843E+01  0.19922E+01  0.20000E+01 -0.20000E+01 -0.19922E+01
-0.19843E+01 -0.19765E+01 -0.19687E+01 -0.19609E+01 -0.19530E+01 -0.19452E+01 -0.19374E+01 -0.19295E+01 -0.19217E+01 -0.19139E+01
-0.19061E+01 -0.18982E+01 -0.18904E+01 -0.18826E+01 -0.18748E+01 -0.18669E+01 -0.18591E+01 -0.18513E+01 -0.18434E+01 -0.18356E+01
-0.18278E+01 -0.18200E+01 -0.18121E+01 -0.18043E+01 -0.17965E+01 -0.17886E+01 -0.17808E+01 -0.17730E+01 -0.17652E+01 -0.17573E+01
-0.17495E+01 -0.17417E+01 -0.17339E+01 -0.17260E+01 -0.17182E+01 -0.17104E+01 -0.17025E+01 -0.16947E+01 -0.16869E+01 -0.16791E+01
-0.16712E+01 -0.16634E+01 -0.16556E+01 -0.16477E+01 -0.16399E+01 -0.16321E+01 -0.16243E+01 -0.16164E+01 -0.16086E+01 -0.16008E+01
-0.15930E+01 -0.15851E+01 -0.15773E+01 -0.15695E+01 -0.15616E+01 -0.15538E+01 -0.15460E+01 -0.15382E+01 -0.15303E+01 -0.15225E+01
-0.15147E+01 -0.15068E+01 -0.14990E+01 -0.14912E+01 -0.14834E+01 -0.14755E+01 -0.14677E+01 -0.14599E+01 -0.14521E+01 -0.14442E+01
-0.14364E+01 -0.14286E+01 -0.14207E+01 -0.14129E+01 -0.14051E+01 -0.13973E+01 -0.13894E+01 -0.13816E+01 -0.13738E+01 -0.13659E+01
-0.13581E+01 -0.13503E+01 -0.13425E+01 -0.13346E+01 -0.13268E+01 -0.13190E+01 -0.13112E+01 -0.13033E+01 -0.12955E+01 -0.12877E+01
-0.12798E+01 -0.12720E+01 -0.12642E+01 -0.12564E+01 -0.12485E+01 -0.12407E+01 -0.12329E+01 -0.12250E+01 -0.12172E+01 -0.12094E+01
-0.12016E+01 -0.11937E+01 -0.11859E+01 -0.11781E+01 -0.11703E+01 -0.11624E+01 -0.11546E+01 -0.11468E+01 -0.11389E+01 -0.11311E+01
-0.11233E+01 -0.11155E+01 -0.11076E+01 -0.10998E+01 -0.10920E+01 -0.10841E+01 -0.10763E+01 -0.10685E+01 -0.10607E+01 -0.10528E+01
-0.10450E+01 -0.10372E+01 -0.10294E+01 -0.10215E+01 -0.10137E+01 -0.10059E+01 -0.99804E+00 -0.99022E+00 -0.98239E+00 -0.97456E+00
-0.96673E+00 -0.95890E+00 -0.95108E+00 -0.94325E+00 -0.93542E+00 -0.92759E+00 -0.91977E+00 -0.91194E+00 -0.90411E+00 -0.89628E+00
-0.88845E+00 -0.88063E+00 -0.87280E+00 -0.86497E+00 -0.85714E+00 -0.84932E+00 -0.84149E+00 -0.83366E+00 -0.82583E+00 -0.81800E+00
-0.81018E+00 -0.80235E+00 -0.79452E+00 -0.78669E+00 -0.77886E+00 -0.77104E+00 -0.76321E+00 -0.75538E+00 -0.74755E+00 -0.73973E+00
-0.73190E+00 -0.72407E+00 -0.71624E+00 -0.70841E+00 -0.70059E+00 -0.69276E+00 -0.68493E+00 -0.67710E+00 -0.66928E+00 -0.66145E+00
-0.65362E+00 -0.64579E+00 -0.63796E+00 -0.63014E+00 -0.62231E+00 -0.61448E+00 -0.60665E+00 -0.59883E+00 -0.59100E+00 -0.58317E+00
-0.57534E+00 -0.56751E+00 -0.55969E+00 -0.55186E+00 -0.54403E+00 -0.53620E+00 -0.52838E+00 -0.52055E+00 -0.51272E+00 -0.50489E+00
-0.49706E+00 -0.48924E+00 -0.48141E+00 -0.47358E+00 -0.46575E+00 -0.45793E+00 -0.45010E+00 -0.44227E+00 -0.43444E+00 -0.42661E+00
-0.41879E+00 -0.41096E+00 -0.40313E+00 -0.39530E+00 -0.38748E+00 -0.37965E+00 -0.37182E+00 -0.36399E+00 -0.35616E+00 -0.34834E+00
-0.34051E+00 -0.33268E+00 -0.32485E+00 -0.31703E+00 -0.30920E+00 -0.30137E+00 -0.29354E+00 -0.28571E+00 -0.27789E+00 -0.27006E+00
-0.26223E+00 -0.25440E+00 -0.24658E+00 -0.23875E+00 -0.23092E+00 -0.22309E+00 -0.21526E+00 -0.20744E+00 -0.19961E+00 -0.19178E+00
-0.18395E+00 -0.17613E+00 -0.16830E+00 -0.16047E+00 -0.15264E+00 -0.14481E+00 -0.13699E+00 -0.12916E+00 -0.12133E+00 -0.11350E+00
-0.10568E+00 -0.97847E-01 -0.90020E-01 -0.82192E-01 -0.74364E-01 -0.66536E-01 -0.58708E-01 -0.50881E-01 -0.43053E-01 -0.35225E-01
-0.27397E-01 -0.19569E-01 -0.11742E-01 -0.39139E-02  0.39139E-02  0.11742E-01  0.19569E-01  0.27397E-01  0.35225E-01  0.43053E-01
 0.50881E-01  0.58708E-01  0.66536E-01  0.74364E-01  0.82192E-01  0.90020E-01  0.97847E-01  0.10568E+00  0.11350E+00  0.12133E+00
 0.12916E+00  0.13699E+00  0.14481E+00  0.15264E+00  0.16047E+00  0.16830E+00  0.17613E+00  0.18395E+00  0.19178E+00  0.19961E+00
 0.20744E+00  0.21526E+00  0.22309E+00  0.23092E+00  0.23875E+00  0.24658E+00  0.25440E+00  0.26223E+00  0.27006E+00  0.27789E+00
 0.28571E+00  0.29354E+00  0.30137E+00  0.30920E+00  0.31703E+00  0.32485E+00  0.33268E+00  0.34051E+00  0.34834E+00  0.35616E+00
 0.36399E+00  0.37182E+00  0.37965E+00  0.38748E+00  0.39530E+00  0.40313E+00  0.41096E+00  0.41879E+00  0.42661E+00  0.43444E+00
 0.44227E+00  0.45010E+00  0.45793E+00  0.46575E+00  0.47358E+00  0.48141E+00  0.48924E+00  0.49706E+00  0.50489E+00  0.51272E+00
 0.52055E+00  0.52838E+00  0.53620E+00  0.54403E+00  0.55186E+00  0.55969E+00  0.56751E+00  0.57534E+00  0.58317E+00  0.59100E+00
 0.59883E+00  0.60665E+00  0.61448E+00  0.62231E+00  0.63014E+00  0.63796E+00  0.64579E+00  0.65362E+00  0.66145E+00  0.66928E+00
 0.67710E+00  0.68493E+00  0.69276E+00  0.70059E+00  0.70841E+00  0.71624E+00  0.72407E+00  0.73190E+00  0.73973E+00  0.74755E+00
 0.75538E+00  0.76321E+00  0.77104E+00  0.77886E+00  0.78669E+00  0.79452E+00  0.80235E+00  0.81018E+00  0.81800E+00  0.82583E+00
 0.83366E+00  0.84149E+00  0.84932E+00  0.85714E+00  0.86497E+00  0.87280E+00  0.88063E+00  0.88845E+00  0.89628E+00  0.90411E+00
 0.91194E+00  0.91977E+00  0.92759E+00  0.93542E+00  0.94325E+00  0.95108E+00  0.95890E+00  0.96673E+00  0.97456E+00  0.98239E+00
 0.99022E+00  0.99804E+00  0.10059E+01  0.10137E+01  0.10215E+01  0.10294E+01  0.10372E+01  0.10450E+01  0.10528E+01  0.10607E+01
 0.10685E+01  0.10763E+01  0.10841E+01  0.10920E+01  0.10998E+01  0.11076E+01  0.11155E+01  0.11233E+01  0.11311E+01  0.11389E+01
 0.11468E+01  0.11546E+01  0.11624E+01  0.11703E+01  0.11781E+01  0.11859E+01  0.11937E+01  0.12016E+01  0.12094E+01  0.12172E+01
 0.12250E+01  0.12329E+01  0.12407E+01  0.12485E+01  0.12564E+01  0.12642E+01  0.12720E+01  0.12798E+01  0.12877E+01  0.12955E+01
 0.13033E+01  0.13112E+01  0.13190E+01  0.13268E+01  0.13346E+01  0.13425E+01  0.13503E+01  0.13581E+01  0.13659E+01  0.13738E+01
 0.13816E+01  0.13894E+01  0.13973E+01  0.14051E+01  0.14129E+01  0.14207E+01  0.14286E+01  0.14364E+01  0.14442E+01  0.14521E+01
 0.14599E+01  0.14677E+01  0.14755E+01  0.14834E+01  0.14912E+01  0.14990E+01  0.15068E+01  0.15147E+01  0.15225E+01  0.15303E+01
 0.15382E+01  0.15460E+01  0.15538E+01  0.15616E+01  0.15695E+01  0.15773E+01  0.15851E+01  0.15930E+01  0.16008E+01  0.16086E+01
 0.16164E+01  0.16243E+01  0.16321E+01  0.16399E+01  0.16477E+01  0.16556E+01  0.16634E+01  0.16712E+01  0.16791E+01  0.16869E+01
 0.16947E+01  0.17025E+01  0.17104E+01  0.17182E+01  0.17260E+01  0.17339E+01  0.17417E+01  0.17495E+01  0.17573E+01  0.17652E+01
 0.17730E+01  0.17808E+01  0.17886E+01  0.17965E+01  0.18043E+01  0.18121E+01  0.18200E+01  0.18278E+01  0.18356E+01  0.18434E+01
 0.18513E+01  0.18591E+01  0.18669E+01  0.18748E+01  0.18826E+01  0.18904E+01  0.18982E+01  0.19061E+01  0.19139E+01  0.19217E+01
 0.19295E+01  0.19374E+01  0.19452E+01  0.19530E+01  0.19609E+01  0.19687E+01  0.19765E+01  0.19843E+01  0.19922E+01  0.20000E+01
    Infinity  0.00000E+00    -Infinity -0.29170E-02 -0.15379E+00  0.15087E+00
   1    2  0.38683E-03  0.57919E-02  0.00000E+00  0.78431E-02  0.15686E-01  0.23529E-01  0.31373E-01  0.39216E-01  0.47059E-01  0.54902E-01
 0.62745E-01  0.70588E-01  0.78431E-01  0.86275E-01  0.94118E-01  0.10196E+00  0.10980E+00  0.11765E+00  0.12549E+00  0.13333E+00
 0.14118E+00  0.14902E+00  0.15686E+00  0.16471E+00  0.17255E+00  0.18039E+00  0.18824E+00  0.19608E+00  0.20392E+00  0.21176E+00
 0.21961E+00  0.22745E+00  0.23529E+00  0.24314E+00  0.25098E+00  0.25882E+00  0.26667E+00  0.27451E+00  0.28235E+00  0.29020E+00
 0.29804E+00  0.30588E+00  0.31373E+00  0.32157E+00  0.32941E+00  0.33725E+00  0.34510E+00  0.35294E+00  0.36078E+00  0.36863E+00
 0.37647E+00  0.38431E+00  0.39216E+00  0.40000E+00  0.40784E+00  0.41569E+00  0.42353E+00  0.43137E+00  0.43922E+00  0.44706E+00
 0.45490E+00  0.46275E+00  0.47059E+00  0.47843E+00  0.48627E+00  0.49412E+00  0.50196E+00  0.50980E+00  0.51765E+00  0.52549E+00
 0.53333E+00  0.54118E+00  0.54902E+00  0.55686E+00  0.56471E+00  0.57255E+00  0.58039E+00  0.58824E+00  0.59608E+00  0.60392E+00
 0.61176E+00  0.61961E+00  0.62745E+00  0.63529E+00  0.64314E+00  0.65098E+00  0.65882E+00  0.66667E+00  0.67451E+00  0.68235E+00
 0.69020E+00  0.69804E+00  0.70588E+00  0.71373E+00  0.72157E+00  0.72941E+00  0.73725E+00  0.74510E+00  0.75294E+00  0.76078E+00
 0.76863E+00  0.77647E+00  0.78431E+00  0.79216E+00  0.80000E+00  0.80784E+00  0.81569E+00  0.82353E+00  0.83137E+00  0.83922E+00
 0.84706E+00  0.85490E+00  0.86275E+00  0.87059E+00  0.87843E+00  0.88627E+00  0.89412E+00  0.90196E+00  0.90980E+00  0.91765E+00
 0.92549E+00  0.93333E+00  0.94118E+00  0.94902E+00  0.95686E+00  0.96471E+00  0.97255E+00  0.98039E+00  0.98824E+00  0.99608E+00
 0.10039E+01  0.10118E+01  0.10196E+01  0.10275E+01  0.10353E+01  0.10431E+01  0.10510E+01  0.10588E+01  0.10667E+01  0.10745E+01
 0.10824E+01  0.10902E+01  0.10980E+01  0.11059E+01  0.11137E+01  0.11216E+01  0.11294E+01  0.11373E+01  0.11451E+01  0.11529E+01
 0.11608E+01  0.11686E+01  0.11765E+01  0.11843E+01  0.11922E+01  0.12000E+01  0.12078E+01  0.12157E+01  0.12235E+01  0.12314E+01
 0.12392E+01  0.12471E+01  0.12549E+01  0.12627E+01  0.12706E+01  0.12784E+01  0.12863E+01  0.12941E+01  0.13020E+01  0.13098E+01
 0.13176E+01  0.13255E+01  0.13333E+01  0.13412E+01  0.13490E+01  0.13569E+01  0.13647E+01  0.13725E+01  0.13804E+01  0.13882E+01
 0.13961E+01  0.14039E+01  0.14118E+01  0.14196E+01  0.14275E+01  0.14353E+01  0.14431E+01  0.14510E+01  0.14588E+01  0.14667E+01
 0.14745E+01  0.14824E+01  0.14902E+01  0.14980E+01  0.15059E+01  0.15137E+01  0.15216E+01  0.15294E+01  0.15373E+01  0.15451E+01
 0.15529E+01  0.15608E+01  0.15686E+01  0.15765E+01  0.15843E+01  0.15922E+01  0.16000E+01  0.16078E+01  0.16157E+01  0.16235E+01
 0.16314E+01  0.16392E+01  0.16471E+01  0.16549E+01  0.16627E+01  0.16706E+01  0.16784E+01  0.16863E+01  0.16941E+01  0.17020E+01
 0.17098E+01  0.17176E+01  0.17255E+01  0.17333E+01  0.17412E+01  0.17490E+01  0.17569E+01  0.17647E+01  0.17725E+01  0.17804E+01
 0.17882E+01  0.17961E+01  0.18039E+01  0.18118E+01  0.18196E+01  0.18275E+01  0.18353E+01  0.18431E+01  0.18510E+01  0.18588E+01
 0.18667E+01  0.18745E+01  0.18824E+01  0.18902E+01  0.18980E+01  0.19059E+01  0.19137E+01  0.19216E+01  0.19294E+01  0.19373E+01
 0.19451E+01  0.19529E+01  0.19608E+01  0.19686E+01  0.19765E+01  0.19843E+01  0.19922E+01  0.20000E+01 -0.20000E+01 -0.19922E+01
-0.19843E+01 -0.19765E+01 -0.19687E+01 -0.19609E+01 -0.19530E+01 -0.19452E+01 -0.19374E+01 -0.19295E+01 -0.19217E+01 -0.19139E+01
-0.19061E+01 -0.18982E+01 -0.18904E+01 -0.18826E+01 -0.18748E+01 -0.18669E+01 -0.18591E+01 -0.18513E+01 -0.18434E+01 -0.18356E+01
-0.18278E+01 -0.18200E+01 -0.18121E+01 -0.18043E+01 -0.17965E+01 -0.17886E+01 -0.17808E+01 -0.17730E+01 -0.17652E+01 -0.17573E+01
-0.17495E+01 -0.17417E+01 -0.17339E+01 -0.17260E+01 -0.17182E+01 -0.17104E+01 -0.17025E+01 -0.16947E+01 -0.16869E+01 -0.16791E+01
-0.16712E+01 -0.16634E+01 -0.16556E+01 -0.16477E+01 -0.16399E+01 -0.16321E+01 -0.16243E+01 -0.16164E+01 -0.16086E+01 -0.16008E+01
-0.15930E+01 -0.15851E+01 -0.15773E+01 -0.15695E+01 -0.15616E+01 -0.15538E+01 -0.15460E+01 -0.15382E+01 -0.15303E+01 -0.15225E+01
-0.15147E+01 -0.15068E+01 -0.14990E+01 -0.14912E+01 -0.14834E+01 -0.14755E+01 -0.14677E+01 -0.14599E+01 -0.14521E+01 -0.14442E+01
-0.14364E+01 -0.14286E+01 -0.14207E+01 -0.14129E+01 -0.14051E+01 -0.13973E+01 -0.13894E+01 -0.13816E+01 -0.13738E+01 -0.13659E+01
-0.13581E+01 -0.13503E+01 -0.13425E+01 -0.13346E+01 -0.13268E+01 -0.13190E+01 -0.13112E+01 -0.13033E+01 -0.12955E+01 -0.12877E+01
-0.12798E+01 -0.12720E+01 -0.12642E+01 -0.12564E+01 -0.12485E+01 -0.12407E+01 -0.12329E+01 -0.12250E+01 -0.12172E+01 -0.12094E+01
-0.12016E+01 -0.11937E+01 -0.11859E+01 -0.11781E+01 -0.11703E+01 -0.11624E+01 -0.11546E+01 -0.11468E+01 -0.11389E+01 -0.11311E+01
-0.11233E+01 -0.11155E+01 -0.11076E+01 -0.10998E+01 -0.10920E+01 -0.10841E+01 -0.10763E+01 -0.10685E+01 -0.10607E+01 -0.10528E+01
-0.10450E+01 -0.10372E+01 -0.10294E+01 -0.10215E+01 -0.10137E+01 -0.10059E+01 -0.99804E+00 -0.99022E+00 -0.98239E+00 -0.97456E+00
-0.96673E+00 -0.95890E+00 -0.95108E+00 -0.94325E+00 -0.93542E+00 -0.92759E+00 -0.91977E+00 -0.91194E+00 -0.90411E+00 -0.89628E+00
-0.88845E+00 -0.88063E+00 -0.87280E+00 -0.86497E+00 -0.85714E+00 -0.84932E+00 -0.84149E+00 -0.83366E+00 -0.82583E+00 -0.81800E+00
-0.81018E+00 -0.80235E+00 -0.79452E+00 -0.78669E+00 -0.77886E+00 -0.77104E+00 -0.76321E+00 -0.75538E+00 -0.74755E+00 -0.73973E+00
-0.73190E+00 -0.72407E+00 -0.71624E+00 -0.70841E+00 -0.70059E+00 -0.69276E+00 -0.68493E+00 -0.67710E+00 -0.66928E+00 -0.66145E+00
-0.65362E+00 -0.64579E+00 -0.63796E+00 -0.63014E+00 -0.62231E+00 -0.61448E+00 -0.60665E+00 -0.59883E+00 -0.59100E+00 -0.58317E+00
-0.57534E+00 -0.56751E+00 -0.55969E+00 -0.55186E+00 -0.54403E+00 -0.53620E+00 -0.52838E+00 -0.52055E+00 -0.51272E+00 -0.50489E+00
-0.49706E+00 -0.48924E+00 -0.48141E+00 -0.47358E+00 -0.46575E+00 -0.45793E+00 -0.45010E+00 -0.44227E+00 -0.43444E+00 -0.42661E+00
-0.41879E+00 -0.41096E+00 -0.40313E+00 -0.39530E+00 -0.38748E+00 -0.37965E+00 -0.37182E+00 -0.36399E+00 -0.35616E+00 -0.34834E+00
-0.34051E+00 -0.33268E+00 -0.32485E+00 -0.31703E+00 -0.30920E+00 -0.30137E+00 -0.29354E+00 -0.28571E+00 -0.27789E+00 -0.27006E+00
-0.26223E+00 -0.25440E+00 -0.24658E+00 -0.23875E+00 -0.23092E+00 -0.22309E+00 -0.21526E+00 -0.20744E+00 -0.19961E+00 -0.19178E+00
-0.18395E+00 -0.17613E+00 -0.16830E+00 -0.16047E+00 -0.15264E+00 -0.14481E+00 -0.13699E+00 -0.12916E+00 -0.12133E+00 -0.11350E+00
-0.10568E+00 -0.97847E-01 -0.90020E-01 -0.82192E-01 -0.74364E-01 -0.66536E-01 -0.58708E-01 -0.50881E-01 -0.43053E-01 -0.35225E-01
-0.27397E-01 -0.19569E-01 -0.11742E-01 -0.39139E-02  0.39139E-02  0.11742E-01  0.19569E-01  0.27397E-01  0.35225E-01  0.43053E-01
 0.50881E-01  0.58708E-01  0.66536E-01  0.74364E-01  0.82192E-01  0.90020E-01  0.97847E-01  0.10568E+00  0.11350E+00  0.12133E+00
 0.12916E+00  0.13699E+00  0.14481E+00  0.15264E+00  0.16047E+00  0.16830E+00  0.17613E+00  0.18395E+00  0.19178E+00  0.19961E+00
 0.20744E+00  0.21526E+00  0.22309E+00  0.23092E+00  0.23875E+00  0.24658E+00  0.25440E+00  0.26223E+00  0.27006E+00  0.27789E+00
 0.28571E+00  0.29354E+00  0.30137E+00  0.30920E+00  0.31703E+00  0.32485E+00  0.33268E+00  0.34051E+00  0.34834E+00  0.35616E+00
 0.36399E+00  0.37182E+00  0.37965E+00  0.38748E+00  0.39530E+00  0.40313E+00  0.41096E+00  0.41879E+00  0.42661E+00  0.43444E+00
 0.44227E+00  0.45010E+00  0.45793E+00  0.46575E+00  0.47358E+00  0.48141E+00  0.48924E+00  0.49706E+00  0.50489E+00  0.51272E+00
 0.52055E+00  0.52838E+00  0.53620E+00  0.54403E+00  0.55186E+00  0.55969E+00  0.56751E+00  0.57534E+00  0.58317E+00  0.59100E+00
 0.59883E+00  0.60665E+00  0.61448E+00  0.62231E+00  0.63014E+00  0.63796E+00  0.64579E+00  0.65362E+00  0.66145E+00  0.66928E+00
 0.67710E+00  0.68493E+00  0.69276E+00  0.70059E+00  0.70841E+00  0.71624E+00  0.72407E+00  0.73190E+00  0.73973E+00  0.74755E+00
 0.75538E+00  0.76321E+00  0.77104E+00  0.77886E+00  0.78669E+00  0.79452E+00  0.80235E+00  0.81018E+00  0.81800E+00  0.82583E+00
 0.83366E+00  0.84149E+00  0.84932E+00  0.85714E+00  0.86497E+00  0.87280E+00  0.88063E+00  0.88845E+00  0.89628E+00  0.90411E+00
 0.91194E+00  0.91977E+00  0.92759E+00  0.93542E+00  0.94325E+00  0.95108E+00  0.95890E+00  0.96673E+00  0.97456E+00  0.98239E+00
 0.99022E+00  0.99804E+00  0.10059E+01  0.10137E+01  0.10215E+01  0.10294E+01  0.10372E+01  0.10450E+01  0.10528E+01  0.10607E+01
 0.10685E+01  0.10763E+01  0.10841E+01  0.10920E+01  0.10998E+01  0.11076E+01  0.11155E+01  0.11233E+01  0.11311E+01  0.11389E+01
 0.11468E+01  0.11546E+01  0.11624E+01  0.11703E+01  0.11781E+01  0.11859E+01  0.11937E+01  0.12016E+01  0.12094E+01  0.12172E+01
 0.12250E+01  0.12329E+01  0.12407E+01  0.12485E+01  0.12564E+01  0.12642E+01  0.12720E+01  0.12798E+01  0.12877E+01  0.12955E+01
 0.13033E+01  0.13112E+01  0.13190E+01  0.13268E+01  0.13346E+01  0.13425E+01  0.13503E+01  0.13581E+01  0.13659E+01  0.13738E+01
 0.13816E+01  0.13894E+01  0.13973E+01  0.14051E+01  0.14129E+01  0.14207E+01  0.14286E+01  0.14364E+01  0.14442E+01  0.14521E+01
 0.14599E+01  0.14677E+01  0.14755E+01  0.14834E+01  0.14912E+01  0.14990E+01  0.15068E+01  0.15147E+01  0.15225E+01  0.15303E+01
 0.15382E+01  0.15460E+01  0.15538E+01  0.15616E+01  0.15695E+01  0.15773E+01  0.15851E+01  0.15930E+01  0.16008E+01  0.16086E+01
 0.16164E+01  0.16243E+01  0.16321E+01  0.16399E+01  0.16477E+01  0.16556E+01  0.16634E+01  0.16712E+01  0.16791E+01  0.16869E+01
 0.16947E+01  0.17025E+01  0.17104E+01  0.17182E+01  0.17260E+01  0.17339E+01  0.17417E+01  0.17495E+01  0.17573E+01  0.17652E+01
 0.17730E+01  0.17808E+01  0.17886E+01  0.17965E+01  0.18043E+01  0.18121E+01  0.18200E+01  0.18278E+01  0.18356E+01  0.18434E+01
 0.18513E+01  0.18591E+01  0.18669E+01  0.18748E+01  0.18826E+01  0.18904E+01  0.18982E+01  0.19061E+01  0.19139E+01  0.19217E+01
 0.19295E+01  0.19374E+01  0.19452E+01  0.19530E+01  0.19609E+01  0.19687E+01  0.19765E+01  0.19843E+01  0.19922E+01  0.20000E+01
    Infinity  0.00000E+00    -Infinity -0.29139E-02 -0.15363E+00  0.15072E+00
   2    2  0.16985E-03  0.57919E-02  0.00000E+00  0.78431E-02  0.15686E-01  0.23529E-01  0.31373E-01  0.39216E-01  0.47059E-01  0.54902E-01
 0.62745E-01  0.70588E-01  0.78431E-01  0.86275E-01  0.94118E-01  0.10196E+00  0.10980E+00  0.11765E+00  0.12549E+00  0.13333E+00
 0.14118E+00  0.14902E+00  0.15686E+00  0.16471E+00  0.17255E+00  0.18039E+00  0.18824E+00  0.19608E+00  0.20392E+00  0.21176E+00
 0.21961E+00  0.22745E+00  0.23529E+00  0.24314E+00  0.25098E+00  0.25882E+00  0.26667E+00  0.27451E+00  0.28235E+00  0.29020E+00
 0.29804E+00  0.30588E+00  0.31373E+00  0.32157E+00  0.32941E+00  0.33725E+00  0.34510E+00  0.35294E+00  0.36078E+00  0.36863E+00
 0.37647E+00  0.38431E+00  0.39216E+00  0.40000E+00  0.40784E+00  0.41569E+00  0.42353E+00  0.43137E+00  0.43922E+00  0.44706E+00
 0.45490E+00  0.46275E+00  0.47059E+00  0.47843E+00  0.48627E+00  0.49412E+00  0.50196E+00  0.50980E+00  0.51765E+00  0.52549E+00
 0.53333E+00  0.54118E+00  0.54902E+00  0.55686E+00  0.56471E+00  0.57255E+00  0.58039E+00  0.58824E+00  0.59608E+00  0.60392E+00
 0.61176E+00  0.61961E+00  0.62745E+00  0.63529E+00  0.64314E+00  0.65098E+00  0.65882E+00  0.66667E+00  0.67451E+00  0.68235E+00
 0.69020E+00  0.69804E+00  0.70588E+00  0.71373E+00  0.72157E+00  0.72941E+00  0.73725E+00  0.74510E+00  0.75294E+00  0.76078E+00
 0.76863E+00  0.77647E+00  0.78431E+00  0.79216E+00  0.80000E+00  0.80784E+00  0.81569E+00  0.82353E+00  0.83137E+00  0.83922E+00
 0.84706E+00  0.85490E+00  0.86275E+00  0.87059E+00  0.87843E+00  0.88627E+00  0.89412E+00  0.90196E+00  0.90980E+00  0.91765E+00
 0.92549E+00  0.93333E+00  0.94118E+00  0.94902E+00  0.95686E+00  0.96471E+00  0.97255E+00  0.98039E+00  0.98824E+00  0.99608E+00
 0.10039E+01  0.10118E+01  0.10196E+01  0.10275E+01  0.10353E+01  0.10431E+01  0.10510E+01  0.10588E+01  0.10667E+01  0.10745E+01
 0.10824E+01  0.10902E+01  0.10980E+01  0.11059E+01  0.11137E+01  0.11216E+01  0.11294E+01  0.11373E+01  0.11451E+01  0.11529E+01
 0.11608E+01  0.11686E+01  0.11765E+01  0.11843E+01  0.11922E+01  0.12000E+01  0.12078E+01  0.12157E+01  0.12235E+01  0.12314E+01
 0.12392E+01  0.12471E+01  0.12549E+01  0.12627E+01  0.12706E+01  0.12784E+01  0.12863E+01  0.12941E+01  0.13020E+01  0.13098E+01
 0.13176E+01  0.13255E+01  0.13333E+01  0.13412E+01  0.13490E+01  0.13569E+01  0.13647E+01  0.13725E+01  0.13804E+01  0.13882E+01
 0.13961E+01  0.14039E+01  0.14118E+01  0.14196E+01  0.14275E+01  0.14353E+01  0.14431E+01  0.14510E+01  0.14588E+01  0.14667E+01
 0.14745E+01  0.14824E+01  0.14902E+01  0.14980E+01  0.15059E+01  0.15137E+01  0.15216E+01  0.15294E+01  0.15373E+01  0.15451E+01
 0.15529E+01  0.15608E+01  0.15686E+01  0.15765E+01  0.15843E+01  0.15922E+01  0.16000E+01  0.16078E+01  0.16157E+01  0.16235E+01
 0.16314E+01  0.16392E+01  0.16471E+01  0.16549E+01  0.16627E+01  0.16706E+01  0.16784E+01  0.16863E+01  0.16941E+01  0.17020E+01
 0.17098E+01  0.17176E+01  0.17255E+01  0.17333E+01  0.17412E+01  0.17490E+01  0.17569E+01  0.17647E+01  0.17725E+01  0.17804E+01
 0.17882E+01  0.17961E+01  0.18039E+01  0.18118E+01  0.18196E+01  0.18275E+01  0.18353E+01  0.18431E+01  0.18510E+01  0.18588E+01
 0.18667E+01  0.18745E+01  0.18824E+01  0.18902E+01  0.18980E+01  0.19059E+01  0.19137E+01  0.19216E+01  0.19294E+01  0.19373E+01
 0.19451E+01  0.19529E+01  0.19608E+01  0.19686E+01  0.19765E+01  0.19843E+01  0.19922E+01  0.20000E+01 -0.20000E+01 -0.19922E+01
-0.19843E+01 -0.19765E+01 -0.19687E+01 -0.19609E+01 -0.19530E+01 -0.19452E+01 -0.19374E+01 -0.19295E+01 -0.19217E+01 -0.19139E+01
-0.19061E+01 -0.18982E+01 -0.18904E+01 -0.18826E+01 -0.18748E+01 -0.18669E+01 -0.18591E+01 -0.18513E+01 -0.18434E+01 -0.18356E+01
-0.18278E+01 -0.18200E+01 -0.18121E+01 -0.18043E+01 -0.17965E+01 -0.17886E+01 -0.17808E+01 -0.17730E+01 -0.17652E+01 -0.17573E+01
-0.17495E+01 -0.17417E+01 -0.17339E+01 -0.17260E+01 -0.17182E+01 -0.17104E+01 -0.17025E+01 -0.16947E+01 -0.16869E+01 -0.16791E+01
-0.16712E+01 -0.16634E+01 -0.16556E+01 -0.16477E+01 -0.16399E+01 -0.16321E+01 -0.16243E+01 -0.16164E+01 -0.16086E+01 -0.16008E+01
-0.15930E+01 -0.15851E+01 -0.15773E+01 -0.15695E+01 -0.15616E+01 -0.15538E+01 -0.15460E+01 -0.15382E+01 -0.15303E+01 -0.15225E+01
-0.15147E+01 -0.15068E+01 -0.14990E+01 -0.14912E+01 -0.14834E+01 -0.14755E+01 -0.14677E+01 -0.14599E+01 -0.14521E+01 -0.14442E+01
-0.14364E+01 -0.14286E+01 -0.14207E+01 -0.14129E+01 -0.14051E+01 -0.13973E+01 -0.13894E+01 -0.13816E+01 -0.13738E+01 -0.13659E+01
-0.13581E+01 -0.13503E+01 -0.13425E+01 -0.13346E+01 -0.13268E+01 -0.13190E+01 -0.13112E+01 -0.13033E+01 -0.12955E+01 -0.12877E+01
-0.12798E+01 -0.12720E+01 -0.12642E+01 -0.12564E+01 -0.12485E+01 -0.12407E+01 -0.12329E+01 -0.12250E+01 -0.12172E+01 -0.12094E+01
-0.12016E+01 -0.11937E+01 -0.11859E+01 -0.11781E+01 -0.11703E+01 -0.11624E+01 -0.11546E+01 -0.11468E+01 -0.11389E+01 -0.11311E+01
-0.11233E+01 -0.11155E+01 -0.11076E+01 -0.10998E+01 -0.10920E+01 -0.10841E+01 -0.10763E+01 -0.10685E+01 -0.10607E+01 -0.10528E+01
-0.10450E+01 -0.10372E+01 -0.10294E+01 -0.10215E+01 -0.10137E+01 -0.10059E+01 -0.99804E+00 -0.99022E+00 -0.98239E+00 -0.97456E+00
-0.96673E+00 -0.95890E+00 -0.95108E+00 -0.94325E+00 -0.93542E+00 -0.92759E+00 -0.91977E+00 -0.91194E+00 -0.90411E+00 -0.89628E+00
-0.88845E+00 -0.88063E+00 -0.87280E+00 -0.86497E+00 -0.85714E+00 -0.84932E+00 -0.84149E+00 -0.83366E+00 -0.82583E+00 -0.81800E+00
-0.81018E+00 -0.80235E+00 -0.79452E+00 -0.78669E+00 -0.77886E+00 -0.77104E+00 -0.76321E+00 -0.75538E+00 -0.74755E+00 -0.73973E+00
-0.73190E+00 -0.72407E+00 -0.71624E+00 -0.70841E+00 -0.70059E+00 -0.69276E+00 -0.68493E+00 -0.67710E+00 -0.66928E+00 -0.66145E+00
-0.65362E+00 -0.64579E+00 -0.63796E+00 -0.63014E+00 -0.62231E+00 -0.61448E+00 -0.60665E+00 -0.59883E+00 -0.59100E+00 -0.58317E+00
-0.57534E+00 -0.56751E+00 -0.55969E+00 -0.55186E+00 -0.54403E+00 -0.53620E+00 -0.52838E+00 -0.52055E+00 -0.51272E+00 -0.50489E+00
-0.49706E+00 -0.48924E+00 -0.48141E+00 -0.47358E+00 -0.46575E+00 -0.45793E+00 -0.45010E+00 -0.44227E+00 -0.43444E+00 -0.42661E+00
-0.41879E+00 -0.41096E+00 -0.40313E+00 -0.39530E+00 -0.38748E+00 -0.37965E+00 -0.37182E+00 -0.36399E+00 -0.35616E+00 -0.34834E+00
-0.34051E+00 -0.33268E+00 -0.32485E+00 -0.31703E+00 -0.30920E+00 -0.30137E+00 -0.29354E+00 -0.28571E+00 -0.27789E+00 -0.27006E+00
-0.26223E+00 -0.25440E+00 -0.24658E+00 -0.23875E+00 -0.23092E+00 -0.22309E+00 -0.21526E+00 -0.20744E+00 -0.19961E+00 -0.19178E+00
-0.18395E+00 -0.17613E+00 -0.16830E+00 -0.16047E+00 -0.15264E+00 -0.14481E+00 -0.13699E+00 -0.12916E+00 -0.12133E+00 -0.11350E+00
-0.10568E+00 -0.97847E-01 -0.90020E-01 -0.82192E-01 -0.74364E-01 -0.66536E-01 -0.58708E-01 -0.50881E-01 -0.43053E-01 -0.35225E-01
-0.27397E-01 -0.19569E-01 -0.11742E-01 -0.39139E-02  0.39139E-02  0.11742E-01  0.19569E-01  0.27397E-01  0.35225E-01  0.43053E-01
 0.50881E-01  0.58708E-01  0.66536E-01  0.74364E-01  0.82192E-01  0.90020E-01  0.97847E-01  0.10568E+00  0.11350E+00  0.12133E+00
 0.12916E+00  0.13699E+00  0.14481E+00  0.15264E+00  0.16047E+00  0.16830E+00  0.17613E+00  0.18395E+00  0.19178E+00  0.19961E+00
 0.20744E+00  0.21526E+00  0.22309E+00  0.23092E+00  0.23875E+00  0.24658E+00  0.25440E+00  0.26223E+00  0.27006E+00  0.27789E+00
 0.28571E+00  0.29354E+00  0.30137E+00  0.30920E+00  0.31703E+00  0.32485E+00  0.33268E+00  0.34051E+00  0.34834E+00  0.35616E+00
 0.36399E+00  0.37182E+00  0.37965E+00  0.38748E+00  0.39530E+00  0.40313E+00  0.41096E+00  0.41879E+00  0.42661E+00  0.43444E+00
 0.44227E+00  0.45010E+00  0.45793E+00  0.46575E+00  0.47358E+00  0.48141E+00  0.48924E+00  0.49706E+00  0.50489E+00  0.51272E+00
 0.52055E+00  0.52838E+00  0.53620E+00  0.54403E+00  0.55186E+00  0.55969E+00  0.56751E+00  0.57534E+00  0.58317E+00  0.59100E+00
 0.59883E+00  0.60665E+00  0.61448E+00  0.62231E+00  0.63014E+00  0.63796E+00  0.64579E+00  0.65362E+00  0.66145E+00  0.66928E+00
 0.67710E+00  0.68493E+00  0.69276E+00  0.70059E+00  0.70841E+00  0.71624E+00  0.72407E+00  0.73190E+00  0.73973E+00  0.74755E+00
 0.75538E+00  0.76321E+00  0.77104E+00  0.77886E+00  0.78669E+00  0.79452E+00  0.80235E+00  0.81018E+00  0.81800E+00  0.82583E+00
 0.83366E+00  0.84149E+00  0.84932E+00  0.85714E+00  0.86497E+00  0.87280E+00  0.88063E+00  0.88845E+00  0.89628E+00  0.90411E+00
 0.91194E+00  0.91977E+00  0.92759E+00  0.93542E+00  0.94325E+00  0.95108E+00  0.95890E+00  0.96673E+00  0.97456E+00  0.98239E+00
 0.99022E+00  0.99804E+00  0.10059E+01  0.10137E+01  0.10215E+01  0.10294E+01  0.10372E+01  0.10450E+01  0.10528E+01  0.10607E+01
 0.10685E+01  0.10763E+01  0.10841E+01  0.10920E+01  0.10998E+01  0.11076E+01  0.11155E+01  0.11233E+01  0.11311E+01  0.11389E+01
 0.11468E+01  0.11546E+01  0.11624E+01  0.11703E+01  0.11781E+01  0.11859E+01  0.11937E+01  0.12016E+01  0.12094E+01  0.12172E+01
 0.12250E+01  0.12329E+01  0.12407E+01  0.12485E+01  0.12564E+01  0.12642E+01  0.12720E+01  0.12798E+01  0.12877E+01  0.12955E+01
 0.13033E+01  0.13112E+01  0.13190E+01  0.13268E+01  0.13346E+01  0.13425E+01  0.13503E+01  0.13581E+01  0.13659E+01  0.13738E+01
 0.13816E+01  0.13894E+01  0.13973E+01  0.14051E+01  0.14129E+01  0.14207E+01  0.14286E+01  0.14364E+01  0.14442E+01  0.14521E+01
 0.14599E+01  0.14677E+01  0.14755E+01  0.14834E+01  0.14912E+01  0.14990E+01  0.15068E+01  0.15147E+01  0.15225E+01  0.15303E+01
 0.15382E+01  0.15460E+01  0.15538E+01  0.15616E+01  0.15695E+01  0.15773E+01  0.15851E+01  0.15930E+01  0.16008E+01  0.16086E+01
 0.16164E+01  0.16243E+01  0.16321E+01  0.16399E+01  0.16477E+01  0.16556E+01  0.16634E+01  0.16712E+01  0.16791E+01  0.16869E+01
 0.16947E+01  0.17025E+01  0.17104E+01  0.17182E+01  0.17260E+01  0.17339E+01  0.17417E+01  0.17495E+01  0.17573E+01  0.17652E+01
 0.17730E+01  0.17808E+01  0.17886E+01  0.17965E+01  0.18043E+01  0.18121E+01  0.18200E+01  0.18278E+01  0.18356E+01  0.18434E+01
 0.18513E+01  0.18591E+01  0.18669E+01  0.18748E+01  0.18826E+01  0.18904E+01  0.18982E+01  0.19061E+01  0.19139E+01  0.19217E+01
 0.19295E+01  0.19374E+01  0.19452E+01  0.19530E+01  0.19609E+01  0.19687E+01  0.19765E+01  0.19843E+01  0.19922E+01  0.20000E+01
    Infinity  0.00000E+00    -Infinity -0.29224E-02 -0.15384E+00  0.15092E+00
   3    2  0.71918E-04  0.57919E-02  0.00000E+00  0.78431E-02  0.15686E-01  0.23529E-01  0.31373E-01  0.39216E-01  0.47059E-01  0.54902E-01
 0.62745E-01  0.70588E-01  0.78431E-01  0.86275E-01  0.94118E-01  0.10196E+00  0.10980E+00  0.11765E+00  0.12549E+00  0.13333E+00
 0.14118E+00  0.14902E+00  0.15686E+00  0.16471E+00  0.17255E+00  0.18039E+00  0.18824E+00  0.19608E+00  0.20392E+00  0.21176E+00
 0.21961E+00  0.22745E+00  0.23529E+00  0.24314E+00  0.25098E+00  0.25882E+00  0.26667E+00  0.27451E+00  0.28235E+00  0.29020E+00
 0.29804E+00  0.30588E+00  0.31373E+00  0.32157E+00  0.32941E+00  0.33725E+00  0.34510E+00  0.35294E+00  0.36078E+00  0.36863E+00
 0.37647E+00  0.38431E+00  0.39216E+00  0.40000E+00  0.40784E+00  0.41569E+00  0.42353E+00  0.43137E+00  0.43922E+00  0.44706E+00
 0.45490E+00  0.46275E+00  0.47059E+00  0.47843E+00  0.48627E+00  0.49412E+00  0.50196E+00  0.50980E+00  0.51765E+00  0.52549E+00
 0.53333E+00  0.54118E+00  0.54902E+00  0.55686E+00  0.56471E+00  0.57255E+00  0.58039E+00  0.58824E+00  0.59608E+00  0.60392E+00
 0.61176E+00  0.61961E+00  0.62745E+00  0.63529E+00  0.64314E+00  0.65098E+00  0.65882E+00  0.66667E+00  0.67451E+00  0.68235E+00
 0.69020E+00  0.69804E+00  0.70588E+00  0.71373E+00  0.72157E+00  0.72941E+00  0.73725E+00  0.74510E+00  0.75294E+00  0.76078E+00
 0.76863E+00  0.77647E+00  0.78431E+00  0.79216E+00  0.80000E+00  0.80784E+00  0.81569E+00  0.82353E+00  0.83137E+00  0.83922E+00
 0.84706E+00  0.85490E+00  0.86275E+00  0.87059E+00  0.87843E+00  0.88627E+00  0.89412E+00  0.90196E+00  0.90980E+00  0.91765E+00
 0.92549E+00  0.93333E+00  0.94118E+00  0.94902E+00  0.95686E+00  0.96471E+00  0.97255E+00  0.98039E+00  0.98824E+00  0.99608E+00
 0.10039E+01  0.10118E+01  0.10196E+01  0.10275E+01  0.10353E+01  0.10431E+01  0.10510E+01  0.10588E+01  0.10667E+01  0.10745E+01
 0.10824E+01  0.10902E+01  0.10980E+01  0.11059E+01  0.11137E+01  0.11216E+01  0.11294E+01  0.11373E+01  0.11451E+01  0.11529E+01
 0.11608E+01  0.11686E+01  0.11765E+01  0.11843E+01  0.11922E+01  0.12000E+01  0.12078E+01  0.12157E+01  0.12235E+01  0.12314E+01
 0.12392E+01  0.12471E+01  0.12549E+01  0.12627E+01  0.12706E+01  0.12784E+01  0.12863E+01  0.12941E+01  0.13020E+01  0.13098E+01
 0.13176E+01  0.13255E+01  0.13333E+01  0.13412E+01  0.13490E+01  0.13569E+01  0.13647E+01  0.13725E+01  0.13804E+01  0.13882E+01
 0.13961E+01  0.14039E+01  0.14118E+01  0.14196E+01  0.14275E+01  0.14353E+01  0.14431E+01  0.14510E+01  0.14588E+01  0.14667E+01
 0.14745E+01  0.14824E+01  0.14902E+01  0.14980E+01  0.15059E+01  0.15137E+01  0.15216E+01  0.15294E+01  0.15373E+01  0.15451E+01
 0.15529E+01  0.15608E+01  0.15686E+01  0.15765E+01  0.15843E+01  0.15922E+01  0.16000E+01  0.16078E+01  0.16157E+01  0.16235E+01
 0.16314E+01  0.16392E+01  0.16471E+01  0.16549E+01  0.16627E+01  0.16706E+01  0.16784E+01  0.16863E+01  0.16941E+01  0.17020E+01
 0.17098E+01  0.17176E+01  0.17255E+01  0.17333E+01  0.17412E+01  0.17490E+01  0.17569E+01  0.17647E+01  0.17725E+01  0.17804E+01
 0.17882E+01  0.17961E+01  0.18039E+01  0.18118E+01  0.18196E+01  0.18275E+01  0.18353E+01  0.18431E+01  0.18510E+01  0.18588E+01
 0.18667E+01  0.18745E+01  0.18824E+01  0.18902E+01  0.18980E+01  0.19059E+01  0.19137E+01  0.19216E+01  0.19294E+01  0.19373E+01
 0.19451E+01  0.19529E+01  0.19608E+01  0.19686E+01  0.19765E+01  0.19843E+01  0.19922E+01  0.20000E+01 -0.20000E+01 -0.19922E+01
-0.19843E+01 -0.19765E+01 -0.19687E+01 -0.19609E+01 -0.19530E+01 -0.19452E+01 -0.19374E+01 -0.19295E+01 -0.19217E+01 -0.19139E+01
-0.19061E+01 -0.18982E+01 -0.18904E+01 -0.18826E+01 -0.18748E+01 -0.18669E+01 -0.18591E+01 -0.18513E+01 -0.18434E+01 -0.18356E+01
-0.18278E+01 -0.18200E+01 -0.18121E+01 -0.18043E+01 -0.17965E+01 -0.17886E+01 -0.17808E+01 -0.17730E+01 -0.17652E+01 -0.17573E+01
-0.17495E+01 -0.17417E+01 -0.17339E+01 -0.17260E+01 -0.17182E+01 -0.17104E+01 -0.17025E+01 -0.16947E+01 -0.16869E+01 -0.16791E+01
-0.16712E+01 -0.16634E+01 -0.16556E+01 -0.16477E+01 -0.16399E+01 -0.16321E+01 -0.16243E+01 -0.16164E+01 -0.16086E+01 -0.16008E+01
-0.15930E+01 -0.15851E+01 -0.15773E+01 -0.15695E+01 -0.15616E+01 -0.15538E+01 -0.15460E+01 -0.15382E+01 -0.15303E+01 -0.15225E+01
-0.15147E+01 -0.15068E+01 -0.14990E+01 -0.14912E+01 -0.14834E+01 -0.14755E+01 -0.14677E+01 -0.14599E+01 -0.14521E+01 -0.14442E+01
-0.14364E+01 -0.14286E+01 -0.14207E+01 -0.14129E+01 -0.14051E+01 -0.13973E+01 -0.13894E+01 -0.13816E+01 -0.13738E+01 -0.13659E+01
-0.13581E+01 -0.13503E+01 -0.13425E+01 -0.13346E+01 -0.13268E+01 -0.13190E+01 -0.13112E+01 -0.13033E+01 -0.12955E+01 -0.12877E+01
-0.12798E+01 -0.12720E+01 -0.12642E+01 -0.12564E+01 -0.12485E+01 -0.12407E+01 -0.12329E+01 -0.12250E+01 -0.12172E+01 -0.12094E+01
-0.12016E+01 -0.11937E+01 -0.11859E+01 -0.11781E+01 -0.11703E+01 -0.11624E+01 -0.11546E+01 -0.11468E+01 -0.11389E+01 -0.11311E+01
-0.11233E+01 -0.11155E+01 -0.11076E+01 -0.10998E+01 -0.10920E+01 -0.10841E+01 -0.10763E+01 -0.10685E+01 -0.10607E+01 -0.10528E+01
-0.10450E+01 -0.10372E+01 -0.10294E+01 -0.10215E+01 -0.10137E+01 -0.10059E+01 -0.99804E+00 -0.99022E+00 -0.98239E+00 -0.97456E+00
-0.96673E+00 -0.95890E+00 -0.95108E+00 -0.94325E+00 -0.93542E+00 -0.92759E+00 -0.91977E+00 -0.91194E+00 -0.90411E+00 -0.89628E+00
-0.88845E+00 -0.88063E+00 -0.87280E+00 -0.86497E+00 -0.85714E+00 -0.84932E+00 -0.84149E+00 -0.83366E+00 -0.82583E+00 -0.81800E+00
-0.81018E+00 -0.80235E+00 -0.79452E+00 -0.78669E+00 -0.77886E+00 -0.77104E+00 -0.76321E+00 -0.75538E+00 -0.74755E+00 -0.73973E+00
-0.73190E+00 -0.72407E+00 -0.71624E+00 -0.70841E+00 -0.70059E+00 -0.69276E+00 -0.68493E+00 -0.67710E+00 -0.66928E+00 -0.66145E+00
-0.65362E+00 -0.64579E+00 -0.63796E+00 -0.63014E+00 -0.62231E+00 -0.61448E+00 -0.60665E+00 -0.59883E+00 -0.59100E+00 -0.58317E+00
-0.57534E+00 -0.56751E+00 -0.55969E+00 -0.55186E+00 -0.54403E+00 -0.53620E+00 -0.52838E+00 -0.52055E+00 -0.51272E+00 -0.50489E+00
-0.49706E+00 -0.48924E+00 -0.48141E+00 -0.47358E+00 -0.46575E+00 -0.45793E+00 -0.45010E+00 -0.44227E+00 -0.43444E+00 -0.42661E+00
-0.41879E+00 -0.41096E+00 -0.40313E+00 -0.39530E+00 -0.38748E+00 -0.37965E+00 -0.37182E+00 -0.36399E+00 -0.35616E+00 -0.34834E+00
-0.34051E+00 -0.33268E+00 -0.32485E+00 -0.31703E+00 -0.30920E+00 -0.30137E+00 -0.29354E+00 -0.28571E+00 -0.27789E+00 -0.27006E+00
-0.26223E+00 -0.25440E+00 -0.24658E+00 -0.23875E+00 -0.23092E+00 -0.22309E+00 -0.21526E+00 -0.20744E+00 -0.19961E+00 -0.19178E+00
-0.18395E+00 -0.17613E+00 -0.16830E+00 -0.16047E+00 -0.15264E+00 -0.14481E+00 -0.13699E+00 -0.12916E+00 -0.12133E+00 -0.11350E+00
-0.10568E+00 -0.97847E-01 -0.90020E-01 -0.82192E-01 -0.74364E-01 -0.66536E-01 -0.58708E-01 -0.50881E-01 -0.43053E-01 -0.35225E-01
-0.27397E-01 -0.19569E-01 -0.11742E-01 -0.39139E-02  0.39139E-02  0.11742E-01  0.19569E-01  0.27397E-01  0.35225E-01  0.43053E-01
 0.50881E-01  0.58708E-01  0.66536E-01  0.74364E-01  0.82192E-01  0.90020E-01  0.97847E-01  0.10568E+00  0.11350E+00  0.12133E+00
 0.12916E+00  0.13699E+00  0.14481E+00  0.15264E+00  0.16047E+00  0.16830E+00  0.17613E+00  0.18395E+00  0.19178E+00  0.19961E+00
 0.20744E+00  0.21526E+00  0.22309E+00  0.23092E+00  0.23875E+00  0.24658E+00  0.25440E+00  0.26223E+00  0.27006E+00  0.27789E+00
 0.28571E+00  0.29354E+00  0.30137E+00  0.30920E+00  0.31703E+00  0.32485E+00  0.33268E+00  0.34051E+00  0.34834E+00  0.35616E+00
 0.36399E+00  0.37182E+00  0.37965E+00  0.38748E+00  0.39530E+00  0.40313E+00  0.41096E+00  0.41879E+00  0.42661E+00  0.43444E+00
 0.44227E+00  0.45010E+00  0.45793E+00  0.46575E+00  0.47358E+00  0.48141E+00  0.48924E+00  0.49706E+00  0.50489E+00  0.51272E+00
 0.52055E+00  0.52838E+00  0.53620E+00  0.54403E+00  0.55186E+00  0.55969E+00  0.56751E+00  0.57534E+00  0.58317E+00  0.59100E+00
 0.59883E+00  0.60665E+00  0.61448E+00  0.62231E+00  0.63014E+00  0.63796E+00  0.64579E+00  0.65362E+00  0.66145E+00  0.66928E+00
 0.67710E+00  0.68493E+00  0.69276E+00  0.70059E+00  0.70841E+00  0.71624E+00  0.72407E+00  0.73190E+00  0.73973E+00  0.74755E+00
 0.75538E+00  0.76321E+00  0.77104E+00  0.77886E+00  0.78669E+00  0.79452E+00  0.80235E+00  0.81018E+00  0.81800E+00  0.82583E+00
 0.83366E+00  0.84149E+00  0.84932E+00  0.85714E+00  0.86497E+00  0.87280E+00  0.88063E+00  0.88845E+00  0.89628E+00  0.90411E+00
 0.91194E+00  0.91977E+00  0.92759E+00  0.93542E+00  0.94325E+00  0.95108E+00  0.95890E+00  0.96673E+00  0.97456E+00  0.98239E+00
 0.99022E+00  0.99804E+00  0.10059E+01  0.10137E+01  0.10215E+01  0.10294E+01  0.10372E+01  0.10450E+01  0.10528E+01  0.10607E+01
 0.10685E+01  0.10763E+01  0.10841E+01  0.10920E+01  0.10998E+01  0.11076E+01  0.11155E+01  0.11233E+01  0.11311E+01  0.11389E+01
 0.11468E+01  0.11546E+01  0.11624E+01  0.11703E+01  0.11781E+01  0.11859E+01  0.11937E+01  0.12016E+01  0.12094E+01  0.12172E+01
 0.12250E+01  0.12329E+01  0.12407E+01  0.12485E+01  0.12564E+01  0.12642E+01  0.12720E+01  0.12798E+01  0.12877E+01  0.12955E+01
 0.13033E+01  0.13112E+01  0.13190E+01  0.13268E+01  0.13346E+01  0.13425E+01  0.13503E+01  0.13581E+01  0.13659E+01  0.13738E+01
 0.13816E+01  0.13894E+01  0.13973E+01  0.14051E+01  0.14129E+01  0.14207E+01  0.14286E+01  0.14364E+01  0.14442E+01  0.14521E+01
 0.14599E+01  0.14677E+01  0.14755E+01  0.14834E+01  0.14912E+01  0.14990E+01  0.15068E+01  0.15147E+01  0.15225E+01  0.15303E+01
 0.15382E+01  0.15460E+01  0.15538E+01  0.15616E+01  0.15695E+01  0.15773E+01  0.15851E+01  0.15930E+01  0.16008E+01  0.16086E+01
 0.16164E+01  0.16243E+01  0.16321E+01  0.16399E+01  0.16477E+01  0.16556E+01  0.16634E+01  0.16712E+01  0.16791E+01  0.16869E+01
 0.16947E+01  0.17025E+01  0.17104E+01  0.17182E+01  0.17260E+01  0.17339E+01  0.17417E+01  0.17495E+01  0.17573E+01  0.17652E+01
 0.17730E+01  0.17808E+01  0.17886E+01  0.17965E+01  0.18043E+01  0.18121E+01  0.18200E+01  0.18278E+01  0.18356E+01  0.18434E+01
 0.18513E+01  0.18591E+01  0.18669E+01  0.18748E+01  0.18826E+01  0.18904E+01  0.18982E+01  0.19061E+01  0.19139E+01  0.19217E+01
 0.19295E+01  0.19374E+01  0.19452E+01  0.19530E+01  0.19609E+01  0.19687E+01  0.19765E+01  0.19843E+01  0.19922E+01  0.20000E+01
    Infinity  0.00000E+00    -Infinity -0.29282E-02 -0.15400E+00  0.15107E+00
